{"C:\\Users\\DenTex0\\Documents\\Projects\\codica\\weather-app\\src\\application\\hooks\\useSortWeatherByDate.ts": {"path":"C:\\Users\\DenTex0\\Documents\\Projects\\codica\\weather-app\\src\\application\\hooks\\useSortWeatherByDate.ts","statementMap":{"0":{"start":{"line":6,"column":29},"end":{"line":62,"column":1}},"1":{"start":{"line":7,"column":26},"end":{"line":7,"column":53}},"2":{"start":{"line":9,"column":26},"end":{"line":9,"column":74}},"3":{"start":{"line":9,"column":63},"end":{"line":9,"column":73}},"4":{"start":{"line":11,"column":29},"end":{"line":15,"column":3}},"5":{"start":{"line":12,"column":4},"end":{"line":14,"column":7}},"6":{"start":{"line":13,"column":6},"end":{"line":13,"column":53}},"7":{"start":{"line":17,"column":22},"end":{"line":25,"column":3}},"8":{"start":{"line":18,"column":4},"end":{"line":24,"column":6}},"9":{"start":{"line":21,"column":10},"end":{"line":21,"column":49}},"10":{"start":{"line":27,"column":19},"end":{"line":27,"column":43}},"11":{"start":{"line":29,"column":46},"end":{"line":31,"column":4}},"12":{"start":{"line":30,"column":4},"end":{"line":30,"column":48}},"13":{"start":{"line":33,"column":22},"end":{"line":52,"column":3}},"14":{"start":{"line":38,"column":4},"end":{"line":42,"column":5}},"15":{"start":{"line":39,"column":6},"end":{"line":39,"column":62}},"16":{"start":{"line":41,"column":6},"end":{"line":41,"column":45}},"17":{"start":{"line":44,"column":4},"end":{"line":51,"column":6}},"18":{"start":{"line":54,"column":2},"end":{"line":56,"column":20}},"19":{"start":{"line":55,"column":4},"end":{"line":55,"column":34}},"20":{"start":{"line":58,"column":2},"end":{"line":61,"column":4}}},"fnMap":{"0":{"name":"(anonymous_0)","decl":{"start":{"line":6,"column":29},"end":{"line":6,"column":30}},"loc":{"start":{"line":6,"column":35},"end":{"line":62,"column":1}},"line":6},"1":{"name":"(anonymous_1)","decl":{"start":{"line":9,"column":41},"end":{"line":9,"column":42}},"loc":{"start":{"line":9,"column":63},"end":{"line":9,"column":73}},"line":9},"2":{"name":"(anonymous_2)","decl":{"start":{"line":11,"column":29},"end":{"line":11,"column":30}},"loc":{"start":{"line":11,"column":66},"end":{"line":15,"column":3}},"line":11},"3":{"name":"(anonymous_3)","decl":{"start":{"line":12,"column":24},"end":{"line":12,"column":25}},"loc":{"start":{"line":12,"column":45},"end":{"line":14,"column":5}},"line":12},"4":{"name":"(anonymous_4)","decl":{"start":{"line":17,"column":22},"end":{"line":17,"column":23}},"loc":{"start":{"line":17,"column":44},"end":{"line":25,"column":3}},"line":17},"5":{"name":"(anonymous_5)","decl":{"start":{"line":20,"column":16},"end":{"line":20,"column":17}},"loc":{"start":{"line":20,"column":37},"end":{"line":22,"column":9}},"line":20},"6":{"name":"(anonymous_6)","decl":{"start":{"line":29,"column":59},"end":{"line":29,"column":60}},"loc":{"start":{"line":29,"column":76},"end":{"line":31,"column":3}},"line":29},"7":{"name":"(anonymous_7)","decl":{"start":{"line":33,"column":22},"end":{"line":33,"column":23}},"loc":{"start":{"line":36,"column":25},"end":{"line":52,"column":3}},"line":36},"8":{"name":"(anonymous_8)","decl":{"start":{"line":54,"column":12},"end":{"line":54,"column":13}},"loc":{"start":{"line":54,"column":18},"end":{"line":56,"column":3}},"line":54}},"branchMap":{"0":{"loc":{"start":{"line":38,"column":4},"end":{"line":42,"column":5}},"type":"if","locations":[{"start":{"line":38,"column":4},"end":{"line":42,"column":5}},{"start":{"line":40,"column":11},"end":{"line":42,"column":5}}],"line":38},"1":{"loc":{"start":{"line":46,"column":12},"end":{"line":46,"column":42}},"type":"binary-expr","locations":[{"start":{"line":46,"column":12},"end":{"line":46,"column":37}},{"start":{"line":46,"column":41},"end":{"line":46,"column":42}}],"line":46},"2":{"loc":{"start":{"line":48,"column":16},"end":{"line":48,"column":50}},"type":"binary-expr","locations":[{"start":{"line":48,"column":16},"end":{"line":48,"column":45}},{"start":{"line":48,"column":49},"end":{"line":48,"column":50}}],"line":48}},"s":{"0":3,"1":10,"2":10,"3":11,"4":10,"5":24,"6":960,"7":10,"8":10,"9":160,"10":10,"11":10,"12":24,"13":10,"14":3,"15":2,"16":1,"17":3,"18":10,"19":5,"20":10},"f":{"0":10,"1":11,"2":24,"3":960,"4":10,"5":160,"6":24,"7":3,"8":5},"b":{"0":[2,1],"1":[3,0],"2":[3,0]},"_coverageSchema":"1a1c01bbd47fc00a2c39e90264f33305004495a9","hash":"33210327f634c744a57aaa2b14291e730502b57c"}
,"C:\\Users\\DenTex0\\Documents\\Projects\\codica\\weather-app\\src\\application\\utils\\useFormatDate.ts": {"path":"C:\\Users\\DenTex0\\Documents\\Projects\\codica\\weather-app\\src\\application\\utils\\useFormatDate.ts","statementMap":{"0":{"start":{"line":1,"column":19},"end":{"line":2,"column":49}},"1":{"start":{"line":2,"column":2},"end":{"line":2,"column":49}}},"fnMap":{"0":{"name":"(anonymous_0)","decl":{"start":{"line":1,"column":19},"end":{"line":1,"column":20}},"loc":{"start":{"line":2,"column":2},"end":{"line":2,"column":49}},"line":2}},"branchMap":{},"s":{"0":7,"1":16},"f":{"0":16},"b":{},"_coverageSchema":"1a1c01bbd47fc00a2c39e90264f33305004495a9","hash":"1796d6893b9749fa101695d78c8fb1fa2ef991f6"}
,"C:\\Users\\DenTex0\\Documents\\Projects\\codica\\weather-app\\src\\redux\\hooks.ts": {"path":"C:\\Users\\DenTex0\\Documents\\Projects\\codica\\weather-app\\src\\redux\\hooks.ts","statementMap":{"0":{"start":{"line":4,"column":30},"end":{"line":4,"column":62}},"1":{"start":{"line":4,"column":36},"end":{"line":4,"column":62}},"2":{"start":{"line":5,"column":63},"end":{"line":5,"column":74}}},"fnMap":{"0":{"name":"(anonymous_0)","decl":{"start":{"line":4,"column":30},"end":{"line":4,"column":31}},"loc":{"start":{"line":4,"column":36},"end":{"line":4,"column":62}},"line":4}},"branchMap":{},"s":{"0":8,"1":25,"2":8},"f":{"0":25},"b":{},"_coverageSchema":"1a1c01bbd47fc00a2c39e90264f33305004495a9","hash":"cb24a3ff93d02fe2b0f6f1e0c6ed62ed9f31cc21"}
,"C:\\Users\\DenTex0\\Documents\\Projects\\codica\\weather-app\\src\\redux\\store.ts": {"path":"C:\\Users\\DenTex0\\Documents\\Projects\\codica\\weather-app\\src\\redux\\store.ts","statementMap":{"0":{"start":{"line":6,"column":14},"end":{"line":16,"column":2}},"1":{"start":{"line":13,"column":4},"end":{"line":15,"column":6}}},"fnMap":{"0":{"name":"(anonymous_0)","decl":{"start":{"line":12,"column":14},"end":{"line":12,"column":15}},"loc":{"start":{"line":13,"column":4},"end":{"line":15,"column":6}},"line":13}},"branchMap":{},"s":{"0":11,"1":11},"f":{"0":11},"b":{},"_coverageSchema":"1a1c01bbd47fc00a2c39e90264f33305004495a9","hash":"bbc0f18fea7fec377243435c4caaebd33eb53dde"}
,"C:\\Users\\DenTex0\\Documents\\Projects\\codica\\weather-app\\src\\redux\\slices\\citySlice.ts": {"path":"C:\\Users\\DenTex0\\Documents\\Projects\\codica\\weather-app\\src\\redux\\slices\\citySlice.ts","statementMap":{"0":{"start":{"line":6,"column":20},"end":{"line":6,"column":52}},"1":{"start":{"line":7,"column":24},"end":{"line":7,"column":60}},"2":{"start":{"line":9,"column":28},"end":{"line":15,"column":1}},"3":{"start":{"line":17,"column":28},"end":{"line":30,"column":1}},"4":{"start":{"line":20,"column":4},"end":{"line":28,"column":5}},"5":{"start":{"line":21,"column":23},"end":{"line":24,"column":7}},"6":{"start":{"line":25,"column":6},"end":{"line":25,"column":27}},"7":{"start":{"line":27,"column":6},"end":{"line":27,"column":17}},"8":{"start":{"line":32,"column":25},"end":{"line":60,"column":2}},"9":{"start":{"line":37,"column":6},"end":{"line":37,"column":41}},"10":{"start":{"line":40,"column":6},"end":{"line":40,"column":34}},"11":{"start":{"line":43,"column":6},"end":{"line":43,"column":41}},"12":{"start":{"line":47,"column":4},"end":{"line":58,"column":9}},"13":{"start":{"line":49,"column":8},"end":{"line":49,"column":33}},"14":{"start":{"line":52,"column":8},"end":{"line":52,"column":33}},"15":{"start":{"line":53,"column":8},"end":{"line":53,"column":41}},"16":{"start":{"line":54,"column":8},"end":{"line":54,"column":48}},"17":{"start":{"line":57,"column":8},"end":{"line":57,"column":32}},"18":{"start":{"line":62,"column":59},"end":{"line":62,"column":76}}},"fnMap":{"0":{"name":"(anonymous_0)","decl":{"start":{"line":19,"column":2},"end":{"line":19,"column":3}},"loc":{"start":{"line":19,"column":37},"end":{"line":29,"column":3}},"line":19},"1":{"name":"(anonymous_1)","decl":{"start":{"line":36,"column":20},"end":{"line":36,"column":21}},"loc":{"start":{"line":36,"column":39},"end":{"line":38,"column":5}},"line":36},"2":{"name":"(anonymous_2)","decl":{"start":{"line":39,"column":13},"end":{"line":39,"column":14}},"loc":{"start":{"line":39,"column":32},"end":{"line":41,"column":5}},"line":39},"3":{"name":"(anonymous_3)","decl":{"start":{"line":42,"column":20},"end":{"line":42,"column":21}},"loc":{"start":{"line":42,"column":39},"end":{"line":44,"column":5}},"line":42},"4":{"name":"(anonymous_4)","decl":{"start":{"line":46,"column":2},"end":{"line":46,"column":3}},"loc":{"start":{"line":46,"column":25},"end":{"line":59,"column":3}},"line":46},"5":{"name":"(anonymous_5)","decl":{"start":{"line":48,"column":37},"end":{"line":48,"column":38}},"loc":{"start":{"line":48,"column":48},"end":{"line":50,"column":7}},"line":48},"6":{"name":"(anonymous_6)","decl":{"start":{"line":51,"column":39},"end":{"line":51,"column":40}},"loc":{"start":{"line":51,"column":58},"end":{"line":55,"column":7}},"line":51},"7":{"name":"(anonymous_7)","decl":{"start":{"line":56,"column":38},"end":{"line":56,"column":39}},"loc":{"start":{"line":56,"column":49},"end":{"line":58,"column":7}},"line":56}},"branchMap":{},"s":{"0":12,"1":12,"2":12,"3":12,"4":3,"5":3,"6":1,"7":1,"8":12,"9":1,"10":1,"11":2,"12":12,"13":3,"14":2,"15":2,"16":2,"17":0,"18":12},"f":{"0":3,"1":1,"2":1,"3":2,"4":12,"5":3,"6":2,"7":0},"b":{},"_coverageSchema":"1a1c01bbd47fc00a2c39e90264f33305004495a9","hash":"adecb9cfe7d73225d5a4a85becd6ad34ca57bab0"}
,"C:\\Users\\DenTex0\\Documents\\Projects\\codica\\weather-app\\src\\redux\\slices\\searchSlice.ts": {"path":"C:\\Users\\DenTex0\\Documents\\Projects\\codica\\weather-app\\src\\redux\\slices\\searchSlice.ts","statementMap":{"0":{"start":{"line":6,"column":20},"end":{"line":6,"column":52}},"1":{"start":{"line":7,"column":24},"end":{"line":7,"column":60}},"2":{"start":{"line":9,"column":30},"end":{"line":14,"column":1}},"3":{"start":{"line":16,"column":28},"end":{"line":35,"column":1}},"4":{"start":{"line":19,"column":4},"end":{"line":33,"column":5}},"5":{"start":{"line":20,"column":23},"end":{"line":23,"column":7}},"6":{"start":{"line":24,"column":21},"end":{"line":29,"column":8}},"7":{"start":{"line":25,"column":8},"end":{"line":28,"column":10}},"8":{"start":{"line":30,"column":6},"end":{"line":30,"column":25}},"9":{"start":{"line":32,"column":6},"end":{"line":32,"column":17}},"10":{"start":{"line":37,"column":27},"end":{"line":61,"column":2}},"11":{"start":{"line":42,"column":6},"end":{"line":42,"column":38}},"12":{"start":{"line":45,"column":6},"end":{"line":45,"column":37}},"13":{"start":{"line":48,"column":6},"end":{"line":48,"column":35}},"14":{"start":{"line":52,"column":4},"end":{"line":59,"column":9}},"15":{"start":{"line":54,"column":8},"end":{"line":54,"column":33}},"16":{"start":{"line":57,"column":8},"end":{"line":57,"column":33}},"17":{"start":{"line":58,"column":8},"end":{"line":58,"column":52}},"18":{"start":{"line":63,"column":53},"end":{"line":63,"column":72}}},"fnMap":{"0":{"name":"(anonymous_0)","decl":{"start":{"line":18,"column":2},"end":{"line":18,"column":3}},"loc":{"start":{"line":18,"column":30},"end":{"line":34,"column":3}},"line":18},"1":{"name":"(anonymous_1)","decl":{"start":{"line":24,"column":48},"end":{"line":24,"column":49}},"loc":{"start":{"line":24,"column":68},"end":{"line":29,"column":7}},"line":24},"2":{"name":"(anonymous_2)","decl":{"start":{"line":41,"column":17},"end":{"line":41,"column":18}},"loc":{"start":{"line":41,"column":36},"end":{"line":43,"column":5}},"line":41},"3":{"name":"(anonymous_3)","decl":{"start":{"line":44,"column":16},"end":{"line":44,"column":17}},"loc":{"start":{"line":44,"column":35},"end":{"line":46,"column":5}},"line":44},"4":{"name":"(anonymous_4)","decl":{"start":{"line":47,"column":14},"end":{"line":47,"column":15}},"loc":{"start":{"line":47,"column":33},"end":{"line":49,"column":5}},"line":47},"5":{"name":"(anonymous_5)","decl":{"start":{"line":51,"column":2},"end":{"line":51,"column":3}},"loc":{"start":{"line":51,"column":25},"end":{"line":60,"column":3}},"line":51},"6":{"name":"(anonymous_6)","decl":{"start":{"line":53,"column":37},"end":{"line":53,"column":38}},"loc":{"start":{"line":53,"column":48},"end":{"line":55,"column":7}},"line":53},"7":{"name":"(anonymous_7)","decl":{"start":{"line":56,"column":39},"end":{"line":56,"column":40}},"loc":{"start":{"line":56,"column":58},"end":{"line":59,"column":7}},"line":56}},"branchMap":{"0":{"loc":{"start":{"line":26,"column":17},"end":{"line":26,"column":62}},"type":"binary-expr","locations":[{"start":{"line":26,"column":17},"end":{"line":26,"column":42}},{"start":{"line":26,"column":46},"end":{"line":26,"column":62}}],"line":26}},"s":{"0":11,"1":11,"2":11,"3":11,"4":3,"5":3,"6":3,"7":3,"8":3,"9":0,"10":11,"11":3,"12":2,"13":2,"14":11,"15":3,"16":3,"17":3,"18":11},"f":{"0":3,"1":3,"2":3,"3":2,"4":2,"5":11,"6":3,"7":3},"b":{"0":[3,0]},"_coverageSchema":"1a1c01bbd47fc00a2c39e90264f33305004495a9","hash":"d9a79f818943da364d8928cddd2ed7d2142b5fd7"}
,"C:\\Users\\DenTex0\\Documents\\Projects\\codica\\weather-app\\src\\redux\\slices\\userSlice.ts": {"path":"C:\\Users\\DenTex0\\Documents\\Projects\\codica\\weather-app\\src\\redux\\slices\\userSlice.ts","statementMap":{"0":{"start":{"line":6,"column":15},"end":{"line":6,"column":67}},"1":{"start":{"line":8,"column":28},"end":{"line":11,"column":1}},"2":{"start":{"line":13,"column":26},"end":{"line":16,"column":79}},"3":{"start":{"line":16,"column":5},"end":{"line":16,"column":79}},"4":{"start":{"line":16,"column":35},"end":{"line":16,"column":78}},"5":{"start":{"line":18,"column":29},"end":{"line":38,"column":1}},"6":{"start":{"line":22,"column":2},"end":{"line":35,"column":3}},"7":{"start":{"line":23,"column":18},"end":{"line":25,"column":5}},"8":{"start":{"line":24,"column":16},"end":{"line":24,"column":59}},"9":{"start":{"line":26,"column":4},"end":{"line":29,"column":6}},"10":{"start":{"line":31,"column":4},"end":{"line":34,"column":7}},"11":{"start":{"line":37,"column":2},"end":{"line":37,"column":74}},"12":{"start":{"line":40,"column":25},"end":{"line":66,"column":2}},"13":{"start":{"line":45,"column":6},"end":{"line":47,"column":8}},"14":{"start":{"line":46,"column":31},"end":{"line":46,"column":64}},"15":{"start":{"line":48,"column":6},"end":{"line":48,"column":78}},"16":{"start":{"line":51,"column":6},"end":{"line":51,"column":42}},"17":{"start":{"line":54,"column":6},"end":{"line":54,"column":38}},"18":{"start":{"line":58,"column":4},"end":{"line":64,"column":9}},"19":{"start":{"line":60,"column":8},"end":{"line":60,"column":33}},"20":{"start":{"line":63,"column":8},"end":{"line":63,"column":44}},"21":{"start":{"line":68,"column":52},"end":{"line":68,"column":69}}},"fnMap":{"0":{"name":"(anonymous_0)","decl":{"start":{"line":13,"column":26},"end":{"line":13,"column":27}},"loc":{"start":{"line":16,"column":5},"end":{"line":16,"column":79}},"line":16},"1":{"name":"(anonymous_1)","decl":{"start":{"line":16,"column":25},"end":{"line":16,"column":26}},"loc":{"start":{"line":16,"column":35},"end":{"line":16,"column":78}},"line":16},"2":{"name":"(anonymous_2)","decl":{"start":{"line":18,"column":29},"end":{"line":18,"column":30}},"loc":{"start":{"line":21,"column":5},"end":{"line":38,"column":1}},"line":21},"3":{"name":"(anonymous_3)","decl":{"start":{"line":24,"column":6},"end":{"line":24,"column":7}},"loc":{"start":{"line":24,"column":16},"end":{"line":24,"column":59}},"line":24},"4":{"name":"(anonymous_4)","decl":{"start":{"line":44,"column":16},"end":{"line":44,"column":17}},"loc":{"start":{"line":44,"column":35},"end":{"line":49,"column":5}},"line":44},"5":{"name":"(anonymous_5)","decl":{"start":{"line":46,"column":8},"end":{"line":46,"column":9}},"loc":{"start":{"line":46,"column":31},"end":{"line":46,"column":64}},"line":46},"6":{"name":"(anonymous_6)","decl":{"start":{"line":50,"column":13},"end":{"line":50,"column":14}},"loc":{"start":{"line":50,"column":32},"end":{"line":52,"column":5}},"line":50},"7":{"name":"(anonymous_7)","decl":{"start":{"line":53,"column":17},"end":{"line":53,"column":18}},"loc":{"start":{"line":53,"column":36},"end":{"line":55,"column":5}},"line":53},"8":{"name":"(anonymous_8)","decl":{"start":{"line":57,"column":2},"end":{"line":57,"column":3}},"loc":{"start":{"line":57,"column":25},"end":{"line":65,"column":3}},"line":57},"9":{"name":"(anonymous_9)","decl":{"start":{"line":59,"column":37},"end":{"line":59,"column":38}},"loc":{"start":{"line":59,"column":48},"end":{"line":61,"column":7}},"line":59},"10":{"name":"(anonymous_10)","decl":{"start":{"line":62,"column":39},"end":{"line":62,"column":40}},"loc":{"start":{"line":62,"column":58},"end":{"line":64,"column":7}},"line":62}},"branchMap":{"0":{"loc":{"start":{"line":6,"column":26},"end":{"line":6,"column":66}},"type":"binary-expr","locations":[{"start":{"line":6,"column":26},"end":{"line":6,"column":58}},{"start":{"line":6,"column":62},"end":{"line":6,"column":66}}],"line":6},"1":{"loc":{"start":{"line":22,"column":2},"end":{"line":35,"column":3}},"type":"if","locations":[{"start":{"line":22,"column":2},"end":{"line":35,"column":3}},{"start":{"line":30,"column":9},"end":{"line":35,"column":3}}],"line":22}},"s":{"0":11,"1":11,"2":11,"3":9,"4":3,"5":11,"6":9,"7":3,"8":3,"9":3,"10":6,"11":9,"12":11,"13":3,"14":3,"15":3,"16":7,"17":1,"18":11,"19":3,"20":2,"21":11},"f":{"0":9,"1":3,"2":9,"3":3,"4":3,"5":3,"6":7,"7":1,"8":11,"9":3,"10":2},"b":{"0":[11,11],"1":[3,6]},"_coverageSchema":"1a1c01bbd47fc00a2c39e90264f33305004495a9","hash":"5dbf01a8c072c6344e00e8fb39554fd6ccf18a15"}
,"C:\\Users\\DenTex0\\Documents\\Projects\\codica\\weather-app\\src\\views\\components\\day-selector\\index.tsx": {"path":"C:\\Users\\DenTex0\\Documents\\Projects\\codica\\weather-app\\src\\views\\components\\day-selector\\index.tsx","statementMap":{"0":{"start":{"line":12,"column":20},"end":{"line":46,"column":1}},"1":{"start":{"line":17,"column":18},"end":{"line":17,"column":52}},"2":{"start":{"line":18,"column":2},"end":{"line":45,"column":4}},"3":{"start":{"line":29,"column":21},"end":{"line":29,"column":31}},"4":{"start":{"line":30,"column":25},"end":{"line":30,"column":40}},"5":{"start":{"line":31,"column":29},"end":{"line":31,"column":38}},"6":{"start":{"line":32,"column":8},"end":{"line":42,"column":10}}},"fnMap":{"0":{"name":"(anonymous_0)","decl":{"start":{"line":12,"column":20},"end":{"line":12,"column":21}},"loc":{"start":{"line":16,"column":13},"end":{"line":46,"column":1}},"line":16},"1":{"name":"(anonymous_1)","decl":{"start":{"line":28,"column":29},"end":{"line":28,"column":30}},"loc":{"start":{"line":28,"column":57},"end":{"line":43,"column":7}},"line":28}},"branchMap":{"0":{"loc":{"start":{"line":21,"column":21},"end":{"line":21,"column":47}},"type":"cond-expr","locations":[{"start":{"line":21,"column":31},"end":{"line":21,"column":36}},{"start":{"line":21,"column":39},"end":{"line":21,"column":47}}],"line":21}},"s":{"0":3,"1":2,"2":2,"3":11,"4":11,"5":11,"6":11},"f":{"0":2,"1":11},"b":{"0":[0,2]},"_coverageSchema":"1a1c01bbd47fc00a2c39e90264f33305004495a9","hash":"85c33649897072cee28a7bada07f83833095ee60"}
,"C:\\Users\\DenTex0\\Documents\\Projects\\codica\\weather-app\\src\\views\\components\\day-selector-item\\index.tsx": {"path":"C:\\Users\\DenTex0\\Documents\\Projects\\codica\\weather-app\\src\\views\\components\\day-selector-item\\index.tsx","statementMap":{"0":{"start":{"line":8,"column":18},"end":{"line":22,"column":2}},"1":{"start":{"line":33,"column":24},"end":{"line":79,"column":1}},"2":{"start":{"line":41,"column":18},"end":{"line":41,"column":29}},"3":{"start":{"line":43,"column":18},"end":{"line":43,"column":52}},"4":{"start":{"line":44,"column":2},"end":{"line":78,"column":4}},"5":{"start":{"line":57,"column":21},"end":{"line":57,"column":39}}},"fnMap":{"0":{"name":"(anonymous_0)","decl":{"start":{"line":33,"column":24},"end":{"line":33,"column":25}},"loc":{"start":{"line":40,"column":13},"end":{"line":79,"column":1}},"line":40},"1":{"name":"(anonymous_1)","decl":{"start":{"line":57,"column":15},"end":{"line":57,"column":16}},"loc":{"start":{"line":57,"column":21},"end":{"line":57,"column":39}},"line":57}},"branchMap":{"0":{"loc":{"start":{"line":49,"column":15},"end":{"line":49,"column":41}},"type":"cond-expr","locations":[{"start":{"line":49,"column":25},"end":{"line":49,"column":32}},{"start":{"line":49,"column":35},"end":{"line":49,"column":41}}],"line":49},"1":{"loc":{"start":{"line":50,"column":22},"end":{"line":50,"column":62}},"type":"cond-expr","locations":[{"start":{"line":50,"column":32},"end":{"line":50,"column":44}},{"start":{"line":50,"column":47},"end":{"line":50,"column":62}}],"line":50},"2":{"loc":{"start":{"line":54,"column":33},"end":{"line":54,"column":72}},"type":"binary-expr","locations":[{"start":{"line":54,"column":33},"end":{"line":54,"column":54}},{"start":{"line":54,"column":58},"end":{"line":54,"column":72}}],"line":54},"3":{"loc":{"start":{"line":60,"column":9},"end":{"line":64,"column":14}},"type":"cond-expr","locations":[{"start":{"line":61,"column":12},"end":{"line":61,"column":19}},{"start":{"line":62,"column":12},"end":{"line":64,"column":14}}],"line":60},"4":{"loc":{"start":{"line":70,"column":15},"end":{"line":70,"column":43}},"type":"cond-expr","locations":[{"start":{"line":70,"column":25},"end":{"line":70,"column":34}},{"start":{"line":70,"column":37},"end":{"line":70,"column":43}}],"line":70}},"s":{"0":4,"1":4,"2":13,"3":13,"4":13,"5":1},"f":{"0":13,"1":1},"b":{"0":[0,13],"1":[0,13],"2":[13,3],"3":[3,10],"4":[0,13]},"_coverageSchema":"1a1c01bbd47fc00a2c39e90264f33305004495a9","hash":"771274bd7254d98aff78203c832eed4663c02a5e"}
,"C:\\Users\\DenTex0\\Documents\\Projects\\codica\\weather-app\\src\\views\\components\\hour-chart\\index.tsx": {"path":"C:\\Users\\DenTex0\\Documents\\Projects\\codica\\weather-app\\src\\views\\components\\hour-chart\\index.tsx","statementMap":{"0":{"start":{"line":20,"column":18},"end":{"line":61,"column":1}},"1":{"start":{"line":21,"column":2},"end":{"line":60,"column":4}},"2":{"start":{"line":43,"column":14},"end":{"line":45,"column":16}}},"fnMap":{"0":{"name":"(anonymous_0)","decl":{"start":{"line":20,"column":18},"end":{"line":20,"column":19}},"loc":{"start":{"line":20,"column":52},"end":{"line":61,"column":1}},"line":20},"1":{"name":"(anonymous_1)","decl":{"start":{"line":42,"column":21},"end":{"line":42,"column":22}},"loc":{"start":{"line":43,"column":14},"end":{"line":45,"column":16}},"line":43}},"branchMap":{},"s":{"0":3,"1":2,"2":3},"f":{"0":2,"1":3},"b":{},"_coverageSchema":"1a1c01bbd47fc00a2c39e90264f33305004495a9","hash":"3920d0b2bee62c6a93e34bfd467f29d90dabc59b"}
,"C:\\Users\\DenTex0\\Documents\\Projects\\codica\\weather-app\\src\\views\\components\\loader\\index.tsx": {"path":"C:\\Users\\DenTex0\\Documents\\Projects\\codica\\weather-app\\src\\views\\components\\loader\\index.tsx","statementMap":{"0":{"start":{"line":4,"column":15},"end":{"line":19,"column":1}},"1":{"start":{"line":5,"column":2},"end":{"line":18,"column":4}}},"fnMap":{"0":{"name":"(anonymous_0)","decl":{"start":{"line":4,"column":15},"end":{"line":4,"column":16}},"loc":{"start":{"line":4,"column":21},"end":{"line":19,"column":1}},"line":4}},"branchMap":{},"s":{"0":3,"1":1},"f":{"0":1},"b":{},"_coverageSchema":"1a1c01bbd47fc00a2c39e90264f33305004495a9","hash":"a12c83d8a4da09573e354115dd891dbe43bb999e"}
,"C:\\Users\\DenTex0\\Documents\\Projects\\codica\\weather-app\\src\\views\\components\\menu-button\\index.tsx": {"path":"C:\\Users\\DenTex0\\Documents\\Projects\\codica\\weather-app\\src\\views\\components\\menu-button\\index.tsx","statementMap":{"0":{"start":{"line":15,"column":19},"end":{"line":76,"column":1}},"1":{"start":{"line":16,"column":34},"end":{"line":16,"column":68}},"2":{"start":{"line":17,"column":15},"end":{"line":17,"column":32}},"3":{"start":{"line":19,"column":19},"end":{"line":19,"column":35}},"4":{"start":{"line":21,"column":22},"end":{"line":23,"column":3}},"5":{"start":{"line":22,"column":4},"end":{"line":22,"column":37}},"6":{"start":{"line":24,"column":22},"end":{"line":26,"column":3}},"7":{"start":{"line":25,"column":4},"end":{"line":25,"column":22}},"8":{"start":{"line":28,"column":2},"end":{"line":75,"column":4}},"9":{"start":{"line":60,"column":12},"end":{"line":60,"column":39}},"10":{"start":{"line":68,"column":12},"end":{"line":68,"column":59}}},"fnMap":{"0":{"name":"(anonymous_0)","decl":{"start":{"line":15,"column":19},"end":{"line":15,"column":20}},"loc":{"start":{"line":15,"column":47},"end":{"line":76,"column":1}},"line":15},"1":{"name":"(anonymous_1)","decl":{"start":{"line":21,"column":22},"end":{"line":21,"column":23}},"loc":{"start":{"line":21,"column":64},"end":{"line":23,"column":3}},"line":21},"2":{"name":"(anonymous_2)","decl":{"start":{"line":24,"column":22},"end":{"line":24,"column":23}},"loc":{"start":{"line":24,"column":28},"end":{"line":26,"column":3}},"line":24},"3":{"name":"(anonymous_3)","decl":{"start":{"line":59,"column":19},"end":{"line":59,"column":20}},"loc":{"start":{"line":59,"column":25},"end":{"line":61,"column":11}},"line":59},"4":{"name":"(anonymous_4)","decl":{"start":{"line":67,"column":19},"end":{"line":67,"column":20}},"loc":{"start":{"line":67,"column":25},"end":{"line":69,"column":11}},"line":67}},"branchMap":{"0":{"loc":{"start":{"line":34,"column":23},"end":{"line":34,"column":53}},"type":"cond-expr","locations":[{"start":{"line":34,"column":30},"end":{"line":34,"column":41}},{"start":{"line":34,"column":44},"end":{"line":34,"column":53}}],"line":34},"1":{"loc":{"start":{"line":35,"column":23},"end":{"line":35,"column":48}},"type":"cond-expr","locations":[{"start":{"line":35,"column":30},"end":{"line":35,"column":36}},{"start":{"line":35,"column":39},"end":{"line":35,"column":48}}],"line":35}},"s":{"0":4,"1":9,"2":9,"3":9,"4":9,"5":3,"6":9,"7":0,"8":9,"9":1,"10":1},"f":{"0":9,"1":3,"2":0,"3":1,"4":1},"b":{"0":[3,6],"1":[3,6]},"_coverageSchema":"1a1c01bbd47fc00a2c39e90264f33305004495a9","hash":"91834ed886a8aa976d23c004ad88c5b4a1ad1659"}
,"C:\\Users\\DenTex0\\Documents\\Projects\\codica\\weather-app\\src\\views\\components\\search-bar\\index.tsx": {"path":"C:\\Users\\DenTex0\\Documents\\Projects\\codica\\weather-app\\src\\views\\components\\search-bar\\index.tsx","statementMap":{"0":{"start":{"line":20,"column":18},"end":{"line":88,"column":1}},"1":{"start":{"line":21,"column":39},"end":{"line":23,"column":3}},"2":{"start":{"line":22,"column":26},"end":{"line":22,"column":38}},"3":{"start":{"line":24,"column":19},"end":{"line":24,"column":35}},"4":{"start":{"line":26,"column":26},"end":{"line":31,"column":11}},"5":{"start":{"line":28,"column":6},"end":{"line":28,"column":35}},"6":{"start":{"line":29,"column":6},"end":{"line":29,"column":34}},"7":{"start":{"line":33,"column":31},"end":{"line":42,"column":3}},"8":{"start":{"line":37,"column":4},"end":{"line":37,"column":70}},"9":{"start":{"line":38,"column":4},"end":{"line":38,"column":33}},"10":{"start":{"line":39,"column":4},"end":{"line":41,"column":5}},"11":{"start":{"line":40,"column":6},"end":{"line":40,"column":71}},"12":{"start":{"line":44,"column":28},"end":{"line":46,"column":3}},"13":{"start":{"line":45,"column":4},"end":{"line":45,"column":35}},"14":{"start":{"line":48,"column":22},"end":{"line":56,"column":3}},"15":{"start":{"line":49,"column":4},"end":{"line":55,"column":6}},"16":{"start":{"line":58,"column":23},"end":{"line":65,"column":3}},"17":{"start":{"line":62,"column":4},"end":{"line":64,"column":9}},"18":{"start":{"line":67,"column":2},"end":{"line":71,"column":24}},"19":{"start":{"line":68,"column":4},"end":{"line":70,"column":6}},"20":{"start":{"line":69,"column":6},"end":{"line":69,"column":31}},"21":{"start":{"line":73,"column":2},"end":{"line":87,"column":4}},"22":{"start":{"line":84,"column":28},"end":{"line":84,"column":29}}},"fnMap":{"0":{"name":"(anonymous_0)","decl":{"start":{"line":20,"column":18},"end":{"line":20,"column":19}},"loc":{"start":{"line":20,"column":24},"end":{"line":88,"column":1}},"line":20},"1":{"name":"(anonymous_1)","decl":{"start":{"line":22,"column":4},"end":{"line":22,"column":5}},"loc":{"start":{"line":22,"column":26},"end":{"line":22,"column":38}},"line":22},"2":{"name":"(anonymous_2)","decl":{"start":{"line":27,"column":13},"end":{"line":27,"column":14}},"loc":{"start":{"line":27,"column":37},"end":{"line":30,"column":5}},"line":27},"3":{"name":"(anonymous_3)","decl":{"start":{"line":33,"column":31},"end":{"line":33,"column":32}},"loc":{"start":{"line":36,"column":7},"end":{"line":42,"column":3}},"line":36},"4":{"name":"(anonymous_4)","decl":{"start":{"line":44,"column":28},"end":{"line":44,"column":29}},"loc":{"start":{"line":44,"column":78},"end":{"line":46,"column":3}},"line":44},"5":{"name":"(anonymous_5)","decl":{"start":{"line":48,"column":22},"end":{"line":48,"column":23}},"loc":{"start":{"line":49,"column":4},"end":{"line":55,"column":6}},"line":49},"6":{"name":"(anonymous_6)","decl":{"start":{"line":58,"column":23},"end":{"line":58,"column":24}},"loc":{"start":{"line":62,"column":4},"end":{"line":64,"column":9}},"line":62},"7":{"name":"(anonymous_7)","decl":{"start":{"line":67,"column":12},"end":{"line":67,"column":13}},"loc":{"start":{"line":67,"column":18},"end":{"line":71,"column":3}},"line":67},"8":{"name":"(anonymous_8)","decl":{"start":{"line":68,"column":11},"end":{"line":68,"column":12}},"loc":{"start":{"line":68,"column":17},"end":{"line":70,"column":5}},"line":68},"9":{"name":"(anonymous_9)","decl":{"start":{"line":84,"column":21},"end":{"line":84,"column":22}},"loc":{"start":{"line":84,"column":28},"end":{"line":84,"column":29}},"line":84}},"branchMap":{"0":{"loc":{"start":{"line":37,"column":24},"end":{"line":37,"column":67}},"type":"cond-expr","locations":[{"start":{"line":37,"column":35},"end":{"line":37,"column":57}},{"start":{"line":37,"column":60},"end":{"line":37,"column":67}}],"line":37},"1":{"loc":{"start":{"line":39,"column":4},"end":{"line":41,"column":5}},"type":"if","locations":[{"start":{"line":39,"column":4},"end":{"line":41,"column":5}},{"start":{},"end":{}}],"line":39},"2":{"loc":{"start":{"line":78,"column":15},"end":{"line":78,"column":28}},"type":"binary-expr","locations":[{"start":{"line":78,"column":15},"end":{"line":78,"column":22}},{"start":{"line":78,"column":26},"end":{"line":78,"column":28}}],"line":78}},"s":{"0":3,"1":10,"2":19,"3":10,"4":10,"5":1,"6":1,"7":10,"8":1,"9":1,"10":1,"11":1,"12":10,"13":7,"14":10,"15":27,"16":10,"17":3,"18":10,"19":5,"20":5,"21":10,"22":16},"f":{"0":10,"1":19,"2":1,"3":1,"4":7,"5":27,"6":3,"7":5,"8":5,"9":16},"b":{"0":[1,0],"1":[1,0],"2":[10,0]},"_coverageSchema":"1a1c01bbd47fc00a2c39e90264f33305004495a9","hash":"6046e1ce93de85e6885ac09238b039452fdbef69"}
,"C:\\Users\\DenTex0\\Documents\\Projects\\codica\\weather-app\\src\\views\\components\\search-bar\\searchOption.tsx": {"path":"C:\\Users\\DenTex0\\Documents\\Projects\\codica\\weather-app\\src\\views\\components\\search-bar\\searchOption.tsx","statementMap":{"0":{"start":{"line":13,"column":21},"end":{"line":31,"column":1}},"1":{"start":{"line":14,"column":31},"end":{"line":14,"column":36}},"2":{"start":{"line":15,"column":18},"end":{"line":15,"column":47}},"3":{"start":{"line":16,"column":16},"end":{"line":16,"column":44}},"4":{"start":{"line":17,"column":2},"end":{"line":30,"column":4}},"5":{"start":{"line":21,"column":10},"end":{"line":23,"column":17}}},"fnMap":{"0":{"name":"(anonymous_0)","decl":{"start":{"line":13,"column":21},"end":{"line":13,"column":22}},"loc":{"start":{"line":13,"column":39},"end":{"line":31,"column":1}},"line":13},"1":{"name":"(anonymous_1)","decl":{"start":{"line":20,"column":19},"end":{"line":20,"column":20}},"loc":{"start":{"line":21,"column":10},"end":{"line":23,"column":17}},"line":21}},"branchMap":{"0":{"loc":{"start":{"line":22,"column":13},"end":{"line":22,"column":70}},"type":"cond-expr","locations":[{"start":{"line":22,"column":30},"end":{"line":22,"column":58}},{"start":{"line":22,"column":61},"end":{"line":22,"column":70}}],"line":22}},"s":{"0":4,"1":4,"2":4,"3":4,"4":4,"5":7},"f":{"0":4,"1":7},"b":{"0":[3,4]},"_coverageSchema":"1a1c01bbd47fc00a2c39e90264f33305004495a9","hash":"1d382ec25f54cf54a079ef42b14fc9be8739ab03"}
,"C:\\Users\\DenTex0\\Documents\\Projects\\codica\\weather-app\\src\\views\\components\\weather-card\\index.tsx": {"path":"C:\\Users\\DenTex0\\Documents\\Projects\\codica\\weather-app\\src\\views\\components\\weather-card\\index.tsx","statementMap":{"0":{"start":{"line":21,"column":20},"end":{"line":77,"column":1}},"1":{"start":{"line":22,"column":18},"end":{"line":22,"column":53}},"2":{"start":{"line":23,"column":2},"end":{"line":76,"column":4}}},"fnMap":{"0":{"name":"(anonymous_0)","decl":{"start":{"line":21,"column":20},"end":{"line":21,"column":21}},"loc":{"start":{"line":21,"column":73},"end":{"line":77,"column":1}},"line":21}},"branchMap":{"0":{"loc":{"start":{"line":27,"column":15},"end":{"line":27,"column":37}},"type":"cond-expr","locations":[{"start":{"line":27,"column":25},"end":{"line":27,"column":31}},{"start":{"line":27,"column":34},"end":{"line":27,"column":37}}],"line":27},"1":{"loc":{"start":{"line":29,"column":20},"end":{"line":29,"column":50}},"type":"cond-expr","locations":[{"start":{"line":29,"column":29},"end":{"line":29,"column":38}},{"start":{"line":29,"column":41},"end":{"line":29,"column":50}}],"line":29}},"s":{"0":3,"1":2,"2":2},"f":{"0":2},"b":{"0":[0,2],"1":[0,2]},"_coverageSchema":"1a1c01bbd47fc00a2c39e90264f33305004495a9","hash":"53c0c8c4da9be3c54e1a77f072c1dfb6c805f960"}
,"C:\\Users\\DenTex0\\Documents\\Projects\\codica\\weather-app\\src\\views\\components\\weather-icon-temp\\index.tsx": {"path":"C:\\Users\\DenTex0\\Documents\\Projects\\codica\\weather-app\\src\\views\\components\\weather-icon-temp\\index.tsx","statementMap":{"0":{"start":{"line":10,"column":24},"end":{"line":29,"column":1}},"1":{"start":{"line":11,"column":18},"end":{"line":11,"column":53}},"2":{"start":{"line":13,"column":2},"end":{"line":28,"column":4}}},"fnMap":{"0":{"name":"(anonymous_0)","decl":{"start":{"line":10,"column":24},"end":{"line":10,"column":25}},"loc":{"start":{"line":10,"column":54},"end":{"line":29,"column":1}},"line":10}},"branchMap":{"0":{"loc":{"start":{"line":19,"column":17},"end":{"line":19,"column":42}},"type":"cond-expr","locations":[{"start":{"line":19,"column":27},"end":{"line":19,"column":33}},{"start":{"line":19,"column":36},"end":{"line":19,"column":42}}],"line":19},"1":{"loc":{"start":{"line":23,"column":30},"end":{"line":23,"column":55}},"type":"cond-expr","locations":[{"start":{"line":23,"column":40},"end":{"line":23,"column":46}},{"start":{"line":23,"column":49},"end":{"line":23,"column":55}}],"line":23}},"s":{"0":4,"1":3,"2":3},"f":{"0":3},"b":{"0":[0,3],"1":[0,3]},"_coverageSchema":"1a1c01bbd47fc00a2c39e90264f33305004495a9","hash":"1c4825a4f4052c928e7b6975039838294c4bfca3"}
,"C:\\Users\\DenTex0\\Documents\\Projects\\codica\\weather-app\\src\\views\\components\\weather-info\\index.tsx": {"path":"C:\\Users\\DenTex0\\Documents\\Projects\\codica\\weather-app\\src\\views\\components\\weather-info\\index.tsx","statementMap":{"0":{"start":{"line":12,"column":20},"end":{"line":51,"column":1}},"1":{"start":{"line":13,"column":18},"end":{"line":13,"column":52}},"2":{"start":{"line":15,"column":24},"end":{"line":15,"column":52}},"3":{"start":{"line":17,"column":2},"end":{"line":50,"column":4}}},"fnMap":{"0":{"name":"(anonymous_0)","decl":{"start":{"line":12,"column":20},"end":{"line":12,"column":21}},"loc":{"start":{"line":12,"column":47},"end":{"line":51,"column":1}},"line":12}},"branchMap":{"0":{"loc":{"start":{"line":23,"column":43},"end":{"line":23,"column":69}},"type":"cond-expr","locations":[{"start":{"line":23,"column":53},"end":{"line":23,"column":58}},{"start":{"line":23,"column":61},"end":{"line":23,"column":69}}],"line":23}},"s":{"0":3,"1":2,"2":2,"3":2},"f":{"0":2},"b":{"0":[0,2]},"_coverageSchema":"1a1c01bbd47fc00a2c39e90264f33305004495a9","hash":"8c67d4f7242f71a495ac97e9ee10c9d4c4e9b863"}
,"C:\\Users\\DenTex0\\Documents\\Projects\\codica\\weather-app\\src\\views\\pages\\error-page.tsx": {"path":"C:\\Users\\DenTex0\\Documents\\Projects\\codica\\weather-app\\src\\views\\pages\\error-page.tsx","statementMap":{"0":{"start":{"line":5,"column":18},"end":{"line":22,"column":1}},"1":{"start":{"line":6,"column":2},"end":{"line":21,"column":4}}},"fnMap":{"0":{"name":"(anonymous_0)","decl":{"start":{"line":5,"column":18},"end":{"line":5,"column":19}},"loc":{"start":{"line":5,"column":24},"end":{"line":22,"column":1}},"line":5}},"branchMap":{},"s":{"0":3,"1":6},"f":{"0":6},"b":{},"_coverageSchema":"1a1c01bbd47fc00a2c39e90264f33305004495a9","hash":"f4877d23c589ae16e21d5fa605e36eed7acc4fcc"}
,"C:\\Users\\DenTex0\\Documents\\Projects\\codica\\weather-app\\src\\views\\pages\\city-page\\index.tsx": {"path":"C:\\Users\\DenTex0\\Documents\\Projects\\codica\\weather-app\\src\\views\\pages\\city-page\\index.tsx","statementMap":{"0":{"start":{"line":16,"column":21},"end":{"line":16,"column":34}},"1":{"start":{"line":18,"column":2},"end":{"line":18,"column":62}},"2":{"start":{"line":18,"column":23},"end":{"line":18,"column":50}},"3":{"start":{"line":21,"column":17},"end":{"line":71,"column":1}},"4":{"start":{"line":22,"column":27},"end":{"line":22,"column":75}},"5":{"start":{"line":22,"column":64},"end":{"line":22,"column":74}},"6":{"start":{"line":23,"column":45},"end":{"line":23,"column":67}},"7":{"start":{"line":25,"column":40},"end":{"line":25,"column":59}},"8":{"start":{"line":26,"column":54},"end":{"line":26,"column":73}},"9":{"start":{"line":28,"column":19},"end":{"line":28,"column":35}},"10":{"start":{"line":29,"column":16},"end":{"line":29,"column":26}},"11":{"start":{"line":31,"column":2},"end":{"line":36,"column":14}},"12":{"start":{"line":32,"column":4},"end":{"line":35,"column":5}},"13":{"start":{"line":33,"column":6},"end":{"line":33,"column":69}},"14":{"start":{"line":34,"column":6},"end":{"line":34,"column":77}},"15":{"start":{"line":38,"column":2},"end":{"line":70,"column":4}},"16":{"start":{"line":57,"column":10},"end":{"line":57,"column":59}},"17":{"start":{"line":63,"column":28},"end":{"line":63,"column":45}}},"fnMap":{"0":{"name":"useQuery","decl":{"start":{"line":15,"column":9},"end":{"line":15,"column":17}},"loc":{"start":{"line":15,"column":20},"end":{"line":19,"column":1}},"line":15},"1":{"name":"(anonymous_1)","decl":{"start":{"line":18,"column":17},"end":{"line":18,"column":18}},"loc":{"start":{"line":18,"column":23},"end":{"line":18,"column":50}},"line":18},"2":{"name":"(anonymous_2)","decl":{"start":{"line":21,"column":17},"end":{"line":21,"column":18}},"loc":{"start":{"line":21,"column":23},"end":{"line":71,"column":1}},"line":21},"3":{"name":"(anonymous_3)","decl":{"start":{"line":22,"column":42},"end":{"line":22,"column":43}},"loc":{"start":{"line":22,"column":64},"end":{"line":22,"column":74}},"line":22},"4":{"name":"(anonymous_4)","decl":{"start":{"line":31,"column":12},"end":{"line":31,"column":13}},"loc":{"start":{"line":31,"column":18},"end":{"line":36,"column":3}},"line":31},"5":{"name":"(anonymous_5)","decl":{"start":{"line":56,"column":21},"end":{"line":56,"column":22}},"loc":{"start":{"line":56,"column":28},"end":{"line":58,"column":9}},"line":56},"6":{"name":"(anonymous_6)","decl":{"start":{"line":63,"column":21},"end":{"line":63,"column":22}},"loc":{"start":{"line":63,"column":28},"end":{"line":63,"column":45}},"line":63}},"branchMap":{"0":{"loc":{"start":{"line":32,"column":4},"end":{"line":35,"column":5}},"type":"if","locations":[{"start":{"line":32,"column":4},"end":{"line":35,"column":5}},{"start":{},"end":{}}],"line":32},"1":{"loc":{"start":{"line":32,"column":8},"end":{"line":32,"column":62}},"type":"binary-expr","locations":[{"start":{"line":32,"column":8},"end":{"line":32,"column":33}},{"start":{"line":32,"column":37},"end":{"line":32,"column":62}}],"line":32},"2":{"loc":{"start":{"line":34,"column":29},"end":{"line":34,"column":50}},"type":"binary-expr","locations":[{"start":{"line":34,"column":29},"end":{"line":34,"column":45}},{"start":{"line":34,"column":49},"end":{"line":34,"column":50}}],"line":34},"3":{"loc":{"start":{"line":34,"column":52},"end":{"line":34,"column":73}},"type":"binary-expr","locations":[{"start":{"line":34,"column":52},"end":{"line":34,"column":68}},{"start":{"line":34,"column":72},"end":{"line":34,"column":73}}],"line":34},"4":{"loc":{"start":{"line":38,"column":9},"end":{"line":70,"column":3}},"type":"cond-expr","locations":[{"start":{"line":39,"column":4},"end":{"line":65,"column":10}},{"start":{"line":66,"column":6},"end":{"line":70,"column":3}}],"line":38},"5":{"loc":{"start":{"line":38,"column":9},"end":{"line":38,"column":45}},"type":"binary-expr","locations":[{"start":{"line":38,"column":9},"end":{"line":38,"column":13}},{"start":{"line":38,"column":17},"end":{"line":38,"column":45}}],"line":38},"6":{"loc":{"start":{"line":57,"column":32},"end":{"line":57,"column":57}},"type":"binary-expr","locations":[{"start":{"line":57,"column":32},"end":{"line":57,"column":52}},{"start":{"line":57,"column":56},"end":{"line":57,"column":57}}],"line":57},"7":{"loc":{"start":{"line":66,"column":6},"end":{"line":70,"column":3}},"type":"cond-expr","locations":[{"start":{"line":67,"column":4},"end":{"line":67,"column":14}},{"start":{"line":69,"column":4},"end":{"line":69,"column":17}}],"line":66}},"s":{"0":6,"1":6,"2":3,"3":2,"4":6,"5":6,"6":6,"7":6,"8":6,"9":6,"10":6,"11":6,"12":3,"13":0,"14":0,"15":6,"16":0,"17":0},"f":{"0":6,"1":3,"2":6,"3":6,"4":3,"5":0,"6":0},"b":{"0":[0,3],"1":[3,0],"2":[0,0],"3":[0,0],"4":[1,5],"5":[6,2],"6":[0,0],"7":[0,5]},"_coverageSchema":"1a1c01bbd47fc00a2c39e90264f33305004495a9","hash":"0e6203100e564e972f25c2e54115e23c868208fb"}
,"C:\\Users\\DenTex0\\Documents\\Projects\\codica\\weather-app\\src\\views\\pages\\dashboard\\index.tsx": {"path":"C:\\Users\\DenTex0\\Documents\\Projects\\codica\\weather-app\\src\\views\\pages\\dashboard\\index.tsx","statementMap":{"0":{"start":{"line":5,"column":18},"end":{"line":17,"column":1}},"1":{"start":{"line":6,"column":2},"end":{"line":16,"column":4}}},"fnMap":{"0":{"name":"(anonymous_0)","decl":{"start":{"line":5,"column":18},"end":{"line":5,"column":19}},"loc":{"start":{"line":5,"column":24},"end":{"line":17,"column":1}},"line":5}},"branchMap":{},"s":{"0":2,"1":2},"f":{"0":2},"b":{},"_coverageSchema":"1a1c01bbd47fc00a2c39e90264f33305004495a9","hash":"69230315a9274d55a84f57c61703a21832c901cb"}
,"C:\\Users\\DenTex0\\Documents\\Projects\\codica\\weather-app\\src\\views\\shared\\footer\\index.tsx": {"path":"C:\\Users\\DenTex0\\Documents\\Projects\\codica\\weather-app\\src\\views\\shared\\footer\\index.tsx","statementMap":{"0":{"start":{"line":4,"column":15},"end":{"line":18,"column":1}},"1":{"start":{"line":5,"column":2},"end":{"line":17,"column":4}}},"fnMap":{"0":{"name":"(anonymous_0)","decl":{"start":{"line":4,"column":15},"end":{"line":4,"column":16}},"loc":{"start":{"line":4,"column":21},"end":{"line":18,"column":1}},"line":4}},"branchMap":{},"s":{"0":2,"1":5},"f":{"0":5},"b":{},"_coverageSchema":"1a1c01bbd47fc00a2c39e90264f33305004495a9","hash":"aa2c105d2b885fc3a8c9aca81795f321188b0740"}
,"C:\\Users\\DenTex0\\Documents\\Projects\\codica\\weather-app\\src\\views\\shared\\header\\index.tsx": {"path":"C:\\Users\\DenTex0\\Documents\\Projects\\codica\\weather-app\\src\\views\\shared\\header\\index.tsx","statementMap":{"0":{"start":{"line":4,"column":15},"end":{"line":18,"column":1}},"1":{"start":{"line":5,"column":2},"end":{"line":17,"column":4}}},"fnMap":{"0":{"name":"(anonymous_0)","decl":{"start":{"line":4,"column":15},"end":{"line":4,"column":16}},"loc":{"start":{"line":4,"column":21},"end":{"line":18,"column":1}},"line":4}},"branchMap":{},"s":{"0":2,"1":5},"f":{"0":5},"b":{},"_coverageSchema":"1a1c01bbd47fc00a2c39e90264f33305004495a9","hash":"f72bf565806a2874162efa85831905f8ecde2e28"}
,"C:\\Users\\DenTex0\\Documents\\Projects\\codica\\weather-app\\src\\views\\shared\\layout\\index.tsx": {"path":"C:\\Users\\DenTex0\\Documents\\Projects\\codica\\weather-app\\src\\views\\shared\\layout\\index.tsx","statementMap":{"0":{"start":{"line":8,"column":15},"end":{"line":36,"column":1}},"1":{"start":{"line":9,"column":18},"end":{"line":9,"column":53}},"2":{"start":{"line":10,"column":17},"end":{"line":10,"column":51}},"3":{"start":{"line":11,"column":2},"end":{"line":35,"column":4}}},"fnMap":{"0":{"name":"(anonymous_0)","decl":{"start":{"line":8,"column":15},"end":{"line":8,"column":16}},"loc":{"start":{"line":8,"column":21},"end":{"line":36,"column":1}},"line":8}},"branchMap":{"0":{"loc":{"start":{"line":16,"column":16},"end":{"line":16,"column":55}},"type":"cond-expr","locations":[{"start":{"line":16,"column":25},"end":{"line":16,"column":46}},{"start":{"line":16,"column":49},"end":{"line":16,"column":55}}],"line":16},"1":{"loc":{"start":{"line":18,"column":23},"end":{"line":18,"column":49}},"type":"cond-expr","locations":[{"start":{"line":18,"column":33},"end":{"line":18,"column":38}},{"start":{"line":18,"column":41},"end":{"line":18,"column":49}}],"line":18},"2":{"loc":{"start":{"line":21,"column":40},"end":{"line":21,"column":76}},"type":"cond-expr","locations":[{"start":{"line":21,"column":50},"end":{"line":21,"column":67}},{"start":{"line":21,"column":70},"end":{"line":21,"column":76}}],"line":21}},"s":{"0":1,"1":4,"2":4,"3":4},"f":{"0":4},"b":{"0":[0,4],"1":[0,4],"2":[0,4]},"_coverageSchema":"1a1c01bbd47fc00a2c39e90264f33305004495a9","hash":"9e8e9d3173a0d6e5bc356c17bfca4570b17a6502"}
,"C:\\Users\\DenTex0\\Documents\\Projects\\codica\\weather-app\\src\\views\\shared\\side-bar\\index.tsx": {"path":"C:\\Users\\DenTex0\\Documents\\Projects\\codica\\weather-app\\src\\views\\shared\\side-bar\\index.tsx","statementMap":{"0":{"start":{"line":8,"column":16},"end":{"line":66,"column":1}},"1":{"start":{"line":9,"column":23},"end":{"line":9,"column":71}},"2":{"start":{"line":9,"column":60},"end":{"line":9,"column":70}},"3":{"start":{"line":10,"column":19},"end":{"line":10,"column":32}},"4":{"start":{"line":11,"column":18},"end":{"line":11,"column":53}},"5":{"start":{"line":12,"column":2},"end":{"line":65,"column":4}},"6":{"start":{"line":45,"column":14},"end":{"line":46,"column":70}},"7":{"start":{"line":47,"column":12},"end":{"line":56,"column":14}}},"fnMap":{"0":{"name":"(anonymous_0)","decl":{"start":{"line":8,"column":16},"end":{"line":8,"column":17}},"loc":{"start":{"line":8,"column":22},"end":{"line":66,"column":1}},"line":8},"1":{"name":"(anonymous_1)","decl":{"start":{"line":9,"column":38},"end":{"line":9,"column":39}},"loc":{"start":{"line":9,"column":60},"end":{"line":9,"column":70}},"line":9},"2":{"name":"(anonymous_2)","decl":{"start":{"line":43,"column":23},"end":{"line":43,"column":24}},"loc":{"start":{"line":43,"column":61},"end":{"line":57,"column":11}},"line":43}},"branchMap":{"0":{"loc":{"start":{"line":14,"column":15},"end":{"line":14,"column":44}},"type":"cond-expr","locations":[{"start":{"line":14,"column":26},"end":{"line":14,"column":32}},{"start":{"line":14,"column":35},"end":{"line":14,"column":44}}],"line":14},"1":{"loc":{"start":{"line":16,"column":16},"end":{"line":16,"column":45}},"type":"cond-expr","locations":[{"start":{"line":16,"column":26},"end":{"line":16,"column":33}},{"start":{"line":16,"column":36},"end":{"line":16,"column":45}}],"line":16},"2":{"loc":{"start":{"line":19,"column":17},"end":{"line":19,"column":46}},"type":"cond-expr","locations":[{"start":{"line":19,"column":27},"end":{"line":19,"column":36}},{"start":{"line":19,"column":39},"end":{"line":19,"column":46}}],"line":19},"3":{"loc":{"start":{"line":20,"column":17},"end":{"line":20,"column":46}},"type":"cond-expr","locations":[{"start":{"line":20,"column":27},"end":{"line":20,"column":36}},{"start":{"line":20,"column":39},"end":{"line":20,"column":46}}],"line":20},"4":{"loc":{"start":{"line":21,"column":21},"end":{"line":21,"column":47}},"type":"cond-expr","locations":[{"start":{"line":21,"column":31},"end":{"line":21,"column":39}},{"start":{"line":21,"column":42},"end":{"line":21,"column":47}}],"line":21},"5":{"loc":{"start":{"line":22,"column":20},"end":{"line":22,"column":56}},"type":"cond-expr","locations":[{"start":{"line":22,"column":30},"end":{"line":22,"column":36}},{"start":{"line":22,"column":39},"end":{"line":22,"column":56}}],"line":22},"6":{"loc":{"start":{"line":29,"column":24},"end":{"line":29,"column":60}},"type":"cond-expr","locations":[{"start":{"line":29,"column":34},"end":{"line":29,"column":51}},{"start":{"line":29,"column":54},"end":{"line":29,"column":60}}],"line":29},"7":{"loc":{"start":{"line":38,"column":23},"end":{"line":38,"column":49}},"type":"cond-expr","locations":[{"start":{"line":38,"column":33},"end":{"line":38,"column":41}},{"start":{"line":38,"column":44},"end":{"line":38,"column":49}}],"line":38},"8":{"loc":{"start":{"line":42,"column":9},"end":{"line":62,"column":9}},"type":"cond-expr","locations":[{"start":{"line":43,"column":10},"end":{"line":57,"column":12}},{"start":{"line":59,"column":10},"end":{"line":61,"column":16}}],"line":42}},"s":{"0":2,"1":6,"2":8,"3":6,"4":6,"5":6,"6":1,"7":1},"f":{"0":6,"1":8,"2":1},"b":{"0":[6,0],"1":[0,6],"2":[0,6],"3":[0,6],"4":[0,6],"5":[0,6],"6":[0,6],"7":[0,6],"8":[1,5]},"_coverageSchema":"1a1c01bbd47fc00a2c39e90264f33305004495a9","hash":"470285efa6904db33414768dbc9cf77a505ab416"}
,"C:\\Users\\DenTex0\\Documents\\Projects\\codica\\weather-app\\test\\utils\\mockedData.ts": {"path":"C:\\Users\\DenTex0\\Documents\\Projects\\codica\\weather-app\\test\\utils\\mockedData.ts","statementMap":{"0":{"start":{"line":1,"column":32},"end":{"line":13,"column":4}},"1":{"start":{"line":2,"column":14},"end":{"line":2,"column":16}},"2":{"start":{"line":4,"column":2},"end":{"line":12,"column":4}},"3":{"start":{"line":6,"column":6},"end":{"line":6,"column":24}},"4":{"start":{"line":10,"column":6},"end":{"line":10,"column":25}},"5":{"start":{"line":15,"column":37},"end":{"line":1498,"column":1}},"6":{"start":{"line":1500,"column":26},"end":{"line":1555,"column":1}},"7":{"start":{"line":1557,"column":34},"end":{"line":3029,"column":1}}},"fnMap":{"0":{"name":"(anonymous_0)","decl":{"start":{"line":1,"column":33},"end":{"line":1,"column":34}},"loc":{"start":{"line":1,"column":45},"end":{"line":13,"column":1}},"line":1},"1":{"name":"(anonymous_1)","decl":{"start":{"line":5,"column":4},"end":{"line":5,"column":5}},"loc":{"start":{"line":5,"column":17},"end":{"line":7,"column":5}},"line":5},"2":{"name":"(anonymous_2)","decl":{"start":{"line":9,"column":4},"end":{"line":9,"column":5}},"loc":{"start":{"line":9,"column":24},"end":{"line":11,"column":5}},"line":9}},"branchMap":{},"s":{"0":5,"1":5,"2":5,"3":2,"4":5,"5":5,"6":5,"7":5},"f":{"0":5,"1":2,"2":5},"b":{},"_coverageSchema":"1a1c01bbd47fc00a2c39e90264f33305004495a9","hash":"3373b7f559278cf3dd8d12c16c83d1df3fdb1014"}
}
