{"C:\\Users\\DenTex0\\Documents\\Projects\\codica\\weather-app\\src\\application\\utils\\useFormatDate.ts": {"path":"C:\\Users\\DenTex0\\Documents\\Projects\\codica\\weather-app\\src\\application\\utils\\useFormatDate.ts","statementMap":{"0":{"start":{"line":1,"column":19},"end":{"line":2,"column":49}},"1":{"start":{"line":2,"column":2},"end":{"line":2,"column":49}}},"fnMap":{"0":{"name":"(anonymous_0)","decl":{"start":{"line":1,"column":19},"end":{"line":1,"column":20}},"loc":{"start":{"line":2,"column":2},"end":{"line":2,"column":49}},"line":2}},"branchMap":{},"s":{"0":3,"1":5},"f":{"0":5},"b":{},"_coverageSchema":"1a1c01bbd47fc00a2c39e90264f33305004495a9","hash":"1796d6893b9749fa101695d78c8fb1fa2ef991f6"}
,"C:\\Users\\DenTex0\\Documents\\Projects\\codica\\weather-app\\src\\redux\\hooks.ts": {"path":"C:\\Users\\DenTex0\\Documents\\Projects\\codica\\weather-app\\src\\redux\\hooks.ts","statementMap":{"0":{"start":{"line":4,"column":30},"end":{"line":4,"column":62}},"1":{"start":{"line":4,"column":36},"end":{"line":4,"column":62}},"2":{"start":{"line":5,"column":63},"end":{"line":5,"column":74}}},"fnMap":{"0":{"name":"(anonymous_0)","decl":{"start":{"line":4,"column":30},"end":{"line":4,"column":31}},"loc":{"start":{"line":4,"column":36},"end":{"line":4,"column":62}},"line":4}},"branchMap":{},"s":{"0":4,"1":11,"2":4},"f":{"0":11},"b":{},"_coverageSchema":"1a1c01bbd47fc00a2c39e90264f33305004495a9","hash":"cb24a3ff93d02fe2b0f6f1e0c6ed62ed9f31cc21"}
,"C:\\Users\\DenTex0\\Documents\\Projects\\codica\\weather-app\\src\\redux\\store.ts": {"path":"C:\\Users\\DenTex0\\Documents\\Projects\\codica\\weather-app\\src\\redux\\store.ts","statementMap":{"0":{"start":{"line":6,"column":14},"end":{"line":16,"column":2}},"1":{"start":{"line":13,"column":4},"end":{"line":15,"column":6}}},"fnMap":{"0":{"name":"(anonymous_0)","decl":{"start":{"line":12,"column":14},"end":{"line":12,"column":15}},"loc":{"start":{"line":13,"column":4},"end":{"line":15,"column":6}},"line":13}},"branchMap":{},"s":{"0":7,"1":7},"f":{"0":7},"b":{},"_coverageSchema":"1a1c01bbd47fc00a2c39e90264f33305004495a9","hash":"bbc0f18fea7fec377243435c4caaebd33eb53dde"}
,"C:\\Users\\DenTex0\\Documents\\Projects\\codica\\weather-app\\src\\redux\\slices\\citySlice.ts": {"path":"C:\\Users\\DenTex0\\Documents\\Projects\\codica\\weather-app\\src\\redux\\slices\\citySlice.ts","statementMap":{"0":{"start":{"line":6,"column":20},"end":{"line":6,"column":52}},"1":{"start":{"line":7,"column":24},"end":{"line":7,"column":60}},"2":{"start":{"line":9,"column":28},"end":{"line":15,"column":1}},"3":{"start":{"line":17,"column":28},"end":{"line":30,"column":1}},"4":{"start":{"line":20,"column":4},"end":{"line":28,"column":5}},"5":{"start":{"line":21,"column":23},"end":{"line":24,"column":7}},"6":{"start":{"line":25,"column":6},"end":{"line":25,"column":27}},"7":{"start":{"line":27,"column":6},"end":{"line":27,"column":17}},"8":{"start":{"line":32,"column":25},"end":{"line":54,"column":2}},"9":{"start":{"line":37,"column":6},"end":{"line":37,"column":41}},"10":{"start":{"line":41,"column":4},"end":{"line":52,"column":9}},"11":{"start":{"line":43,"column":8},"end":{"line":43,"column":33}},"12":{"start":{"line":46,"column":8},"end":{"line":46,"column":33}},"13":{"start":{"line":47,"column":8},"end":{"line":47,"column":41}},"14":{"start":{"line":48,"column":8},"end":{"line":48,"column":48}},"15":{"start":{"line":51,"column":8},"end":{"line":51,"column":32}},"16":{"start":{"line":56,"column":34},"end":{"line":56,"column":51}}},"fnMap":{"0":{"name":"(anonymous_0)","decl":{"start":{"line":19,"column":2},"end":{"line":19,"column":3}},"loc":{"start":{"line":19,"column":37},"end":{"line":29,"column":3}},"line":19},"1":{"name":"(anonymous_1)","decl":{"start":{"line":36,"column":20},"end":{"line":36,"column":21}},"loc":{"start":{"line":36,"column":39},"end":{"line":38,"column":5}},"line":36},"2":{"name":"(anonymous_2)","decl":{"start":{"line":40,"column":2},"end":{"line":40,"column":3}},"loc":{"start":{"line":40,"column":25},"end":{"line":53,"column":3}},"line":40},"3":{"name":"(anonymous_3)","decl":{"start":{"line":42,"column":37},"end":{"line":42,"column":38}},"loc":{"start":{"line":42,"column":48},"end":{"line":44,"column":7}},"line":42},"4":{"name":"(anonymous_4)","decl":{"start":{"line":45,"column":39},"end":{"line":45,"column":40}},"loc":{"start":{"line":45,"column":58},"end":{"line":49,"column":7}},"line":45},"5":{"name":"(anonymous_5)","decl":{"start":{"line":50,"column":38},"end":{"line":50,"column":39}},"loc":{"start":{"line":50,"column":49},"end":{"line":52,"column":7}},"line":50}},"branchMap":{},"s":{"0":7,"1":7,"2":7,"3":7,"4":2,"5":2,"6":0,"7":1,"8":7,"9":1,"10":7,"11":2,"12":1,"13":1,"14":1,"15":0,"16":7},"f":{"0":2,"1":1,"2":7,"3":2,"4":1,"5":0},"b":{},"_coverageSchema":"1a1c01bbd47fc00a2c39e90264f33305004495a9","hash":"4bd32484b8f3708154e438e9774d22c01e68f31f"}
,"C:\\Users\\DenTex0\\Documents\\Projects\\codica\\weather-app\\src\\redux\\slices\\searchSlice.ts": {"path":"C:\\Users\\DenTex0\\Documents\\Projects\\codica\\weather-app\\src\\redux\\slices\\searchSlice.ts","statementMap":{"0":{"start":{"line":6,"column":20},"end":{"line":6,"column":52}},"1":{"start":{"line":7,"column":24},"end":{"line":7,"column":60}},"2":{"start":{"line":9,"column":30},"end":{"line":14,"column":1}},"3":{"start":{"line":16,"column":28},"end":{"line":35,"column":1}},"4":{"start":{"line":19,"column":4},"end":{"line":33,"column":5}},"5":{"start":{"line":20,"column":23},"end":{"line":23,"column":7}},"6":{"start":{"line":24,"column":21},"end":{"line":29,"column":8}},"7":{"start":{"line":25,"column":8},"end":{"line":28,"column":10}},"8":{"start":{"line":30,"column":6},"end":{"line":30,"column":25}},"9":{"start":{"line":32,"column":6},"end":{"line":32,"column":17}},"10":{"start":{"line":37,"column":27},"end":{"line":61,"column":2}},"11":{"start":{"line":42,"column":6},"end":{"line":42,"column":38}},"12":{"start":{"line":45,"column":6},"end":{"line":45,"column":37}},"13":{"start":{"line":48,"column":6},"end":{"line":48,"column":35}},"14":{"start":{"line":52,"column":4},"end":{"line":59,"column":9}},"15":{"start":{"line":54,"column":8},"end":{"line":54,"column":33}},"16":{"start":{"line":57,"column":8},"end":{"line":57,"column":33}},"17":{"start":{"line":58,"column":8},"end":{"line":58,"column":52}},"18":{"start":{"line":63,"column":53},"end":{"line":63,"column":72}}},"fnMap":{"0":{"name":"(anonymous_0)","decl":{"start":{"line":18,"column":2},"end":{"line":18,"column":3}},"loc":{"start":{"line":18,"column":30},"end":{"line":34,"column":3}},"line":18},"1":{"name":"(anonymous_1)","decl":{"start":{"line":24,"column":48},"end":{"line":24,"column":49}},"loc":{"start":{"line":24,"column":68},"end":{"line":29,"column":7}},"line":24},"2":{"name":"(anonymous_2)","decl":{"start":{"line":41,"column":17},"end":{"line":41,"column":18}},"loc":{"start":{"line":41,"column":36},"end":{"line":43,"column":5}},"line":41},"3":{"name":"(anonymous_3)","decl":{"start":{"line":44,"column":16},"end":{"line":44,"column":17}},"loc":{"start":{"line":44,"column":35},"end":{"line":46,"column":5}},"line":44},"4":{"name":"(anonymous_4)","decl":{"start":{"line":47,"column":14},"end":{"line":47,"column":15}},"loc":{"start":{"line":47,"column":33},"end":{"line":49,"column":5}},"line":47},"5":{"name":"(anonymous_5)","decl":{"start":{"line":51,"column":2},"end":{"line":51,"column":3}},"loc":{"start":{"line":51,"column":25},"end":{"line":60,"column":3}},"line":51},"6":{"name":"(anonymous_6)","decl":{"start":{"line":53,"column":37},"end":{"line":53,"column":38}},"loc":{"start":{"line":53,"column":48},"end":{"line":55,"column":7}},"line":53},"7":{"name":"(anonymous_7)","decl":{"start":{"line":56,"column":39},"end":{"line":56,"column":40}},"loc":{"start":{"line":56,"column":58},"end":{"line":59,"column":7}},"line":56}},"branchMap":{"0":{"loc":{"start":{"line":26,"column":17},"end":{"line":26,"column":62}},"type":"binary-expr","locations":[{"start":{"line":26,"column":17},"end":{"line":26,"column":42}},{"start":{"line":26,"column":46},"end":{"line":26,"column":62}}],"line":26}},"s":{"0":7,"1":7,"2":7,"3":7,"4":1,"5":1,"6":0,"7":0,"8":0,"9":1,"10":7,"11":2,"12":1,"13":1,"14":7,"15":1,"16":1,"17":1,"18":7},"f":{"0":1,"1":0,"2":2,"3":1,"4":1,"5":7,"6":1,"7":1},"b":{"0":[0,0]},"_coverageSchema":"1a1c01bbd47fc00a2c39e90264f33305004495a9","hash":"d9a79f818943da364d8928cddd2ed7d2142b5fd7"}
,"C:\\Users\\DenTex0\\Documents\\Projects\\codica\\weather-app\\src\\redux\\slices\\userSlice.ts": {"path":"C:\\Users\\DenTex0\\Documents\\Projects\\codica\\weather-app\\src\\redux\\slices\\userSlice.ts","statementMap":{"0":{"start":{"line":6,"column":15},"end":{"line":6,"column":67}},"1":{"start":{"line":8,"column":28},"end":{"line":11,"column":1}},"2":{"start":{"line":13,"column":26},"end":{"line":16,"column":79}},"3":{"start":{"line":16,"column":5},"end":{"line":16,"column":79}},"4":{"start":{"line":16,"column":35},"end":{"line":16,"column":78}},"5":{"start":{"line":18,"column":29},"end":{"line":38,"column":1}},"6":{"start":{"line":22,"column":2},"end":{"line":35,"column":3}},"7":{"start":{"line":23,"column":18},"end":{"line":25,"column":5}},"8":{"start":{"line":24,"column":16},"end":{"line":24,"column":59}},"9":{"start":{"line":26,"column":4},"end":{"line":29,"column":6}},"10":{"start":{"line":31,"column":4},"end":{"line":34,"column":7}},"11":{"start":{"line":37,"column":2},"end":{"line":37,"column":74}},"12":{"start":{"line":40,"column":25},"end":{"line":63,"column":2}},"13":{"start":{"line":45,"column":6},"end":{"line":47,"column":8}},"14":{"start":{"line":46,"column":31},"end":{"line":46,"column":64}},"15":{"start":{"line":48,"column":6},"end":{"line":48,"column":78}},"16":{"start":{"line":51,"column":6},"end":{"line":51,"column":42}},"17":{"start":{"line":55,"column":4},"end":{"line":61,"column":9}},"18":{"start":{"line":57,"column":8},"end":{"line":57,"column":33}},"19":{"start":{"line":60,"column":8},"end":{"line":60,"column":44}},"20":{"start":{"line":65,"column":39},"end":{"line":65,"column":56}}},"fnMap":{"0":{"name":"(anonymous_0)","decl":{"start":{"line":13,"column":26},"end":{"line":13,"column":27}},"loc":{"start":{"line":16,"column":5},"end":{"line":16,"column":79}},"line":16},"1":{"name":"(anonymous_1)","decl":{"start":{"line":16,"column":25},"end":{"line":16,"column":26}},"loc":{"start":{"line":16,"column":35},"end":{"line":16,"column":78}},"line":16},"2":{"name":"(anonymous_2)","decl":{"start":{"line":18,"column":29},"end":{"line":18,"column":30}},"loc":{"start":{"line":21,"column":5},"end":{"line":38,"column":1}},"line":21},"3":{"name":"(anonymous_3)","decl":{"start":{"line":24,"column":6},"end":{"line":24,"column":7}},"loc":{"start":{"line":24,"column":16},"end":{"line":24,"column":59}},"line":24},"4":{"name":"(anonymous_4)","decl":{"start":{"line":44,"column":16},"end":{"line":44,"column":17}},"loc":{"start":{"line":44,"column":35},"end":{"line":49,"column":5}},"line":44},"5":{"name":"(anonymous_5)","decl":{"start":{"line":46,"column":8},"end":{"line":46,"column":9}},"loc":{"start":{"line":46,"column":31},"end":{"line":46,"column":64}},"line":46},"6":{"name":"(anonymous_6)","decl":{"start":{"line":50,"column":13},"end":{"line":50,"column":14}},"loc":{"start":{"line":50,"column":32},"end":{"line":52,"column":5}},"line":50},"7":{"name":"(anonymous_7)","decl":{"start":{"line":54,"column":2},"end":{"line":54,"column":3}},"loc":{"start":{"line":54,"column":25},"end":{"line":62,"column":3}},"line":54},"8":{"name":"(anonymous_8)","decl":{"start":{"line":56,"column":37},"end":{"line":56,"column":38}},"loc":{"start":{"line":56,"column":48},"end":{"line":58,"column":7}},"line":56},"9":{"name":"(anonymous_9)","decl":{"start":{"line":59,"column":39},"end":{"line":59,"column":40}},"loc":{"start":{"line":59,"column":58},"end":{"line":61,"column":7}},"line":59}},"branchMap":{"0":{"loc":{"start":{"line":6,"column":26},"end":{"line":6,"column":66}},"type":"binary-expr","locations":[{"start":{"line":6,"column":26},"end":{"line":6,"column":58}},{"start":{"line":6,"column":62},"end":{"line":6,"column":66}}],"line":6},"1":{"loc":{"start":{"line":22,"column":2},"end":{"line":35,"column":3}},"type":"if","locations":[{"start":{"line":22,"column":2},"end":{"line":35,"column":3}},{"start":{"line":30,"column":9},"end":{"line":35,"column":3}}],"line":22}},"s":{"0":7,"1":7,"2":7,"3":6,"4":2,"5":7,"6":6,"7":2,"8":2,"9":2,"10":4,"11":6,"12":7,"13":1,"14":1,"15":1,"16":5,"17":7,"18":2,"19":1,"20":7},"f":{"0":6,"1":2,"2":6,"3":2,"4":1,"5":1,"6":5,"7":7,"8":2,"9":1},"b":{"0":[7,7],"1":[2,4]},"_coverageSchema":"1a1c01bbd47fc00a2c39e90264f33305004495a9","hash":"6f886418ba346e3bc3132d60c45a27b4a67061a4"}
,"C:\\Users\\DenTex0\\Documents\\Projects\\codica\\weather-app\\src\\views\\components\\hour-chart\\index.tsx": {"path":"C:\\Users\\DenTex0\\Documents\\Projects\\codica\\weather-app\\src\\views\\components\\hour-chart\\index.tsx","statementMap":{"0":{"start":{"line":20,"column":18},"end":{"line":61,"column":1}},"1":{"start":{"line":21,"column":2},"end":{"line":60,"column":4}},"2":{"start":{"line":43,"column":14},"end":{"line":45,"column":16}}},"fnMap":{"0":{"name":"(anonymous_0)","decl":{"start":{"line":20,"column":18},"end":{"line":20,"column":19}},"loc":{"start":{"line":20,"column":52},"end":{"line":61,"column":1}},"line":20},"1":{"name":"(anonymous_1)","decl":{"start":{"line":42,"column":21},"end":{"line":42,"column":22}},"loc":{"start":{"line":43,"column":14},"end":{"line":45,"column":16}},"line":43}},"branchMap":{},"s":{"0":1,"1":1,"2":3},"f":{"0":1,"1":3},"b":{},"_coverageSchema":"1a1c01bbd47fc00a2c39e90264f33305004495a9","hash":"3920d0b2bee62c6a93e34bfd467f29d90dabc59b"}
,"C:\\Users\\DenTex0\\Documents\\Projects\\codica\\weather-app\\src\\views\\components\\loader\\index.tsx": {"path":"C:\\Users\\DenTex0\\Documents\\Projects\\codica\\weather-app\\src\\views\\components\\loader\\index.tsx","statementMap":{"0":{"start":{"line":4,"column":15},"end":{"line":19,"column":1}},"1":{"start":{"line":5,"column":2},"end":{"line":18,"column":4}}},"fnMap":{"0":{"name":"(anonymous_0)","decl":{"start":{"line":4,"column":15},"end":{"line":4,"column":16}},"loc":{"start":{"line":4,"column":21},"end":{"line":19,"column":1}},"line":4}},"branchMap":{},"s":{"0":1,"1":1},"f":{"0":1},"b":{},"_coverageSchema":"1a1c01bbd47fc00a2c39e90264f33305004495a9","hash":"a12c83d8a4da09573e354115dd891dbe43bb999e"}
,"C:\\Users\\DenTex0\\Documents\\Projects\\codica\\weather-app\\src\\views\\components\\menu-button\\index.tsx": {"path":"C:\\Users\\DenTex0\\Documents\\Projects\\codica\\weather-app\\src\\views\\components\\menu-button\\index.tsx","statementMap":{"0":{"start":{"line":15,"column":19},"end":{"line":76,"column":1}},"1":{"start":{"line":16,"column":34},"end":{"line":16,"column":68}},"2":{"start":{"line":17,"column":15},"end":{"line":17,"column":32}},"3":{"start":{"line":19,"column":19},"end":{"line":19,"column":35}},"4":{"start":{"line":21,"column":22},"end":{"line":23,"column":3}},"5":{"start":{"line":22,"column":4},"end":{"line":22,"column":37}},"6":{"start":{"line":24,"column":22},"end":{"line":26,"column":3}},"7":{"start":{"line":25,"column":4},"end":{"line":25,"column":22}},"8":{"start":{"line":28,"column":2},"end":{"line":75,"column":4}},"9":{"start":{"line":60,"column":12},"end":{"line":60,"column":39}},"10":{"start":{"line":68,"column":12},"end":{"line":68,"column":59}}},"fnMap":{"0":{"name":"(anonymous_0)","decl":{"start":{"line":15,"column":19},"end":{"line":15,"column":20}},"loc":{"start":{"line":15,"column":47},"end":{"line":76,"column":1}},"line":15},"1":{"name":"(anonymous_1)","decl":{"start":{"line":21,"column":22},"end":{"line":21,"column":23}},"loc":{"start":{"line":21,"column":64},"end":{"line":23,"column":3}},"line":21},"2":{"name":"(anonymous_2)","decl":{"start":{"line":24,"column":22},"end":{"line":24,"column":23}},"loc":{"start":{"line":24,"column":28},"end":{"line":26,"column":3}},"line":24},"3":{"name":"(anonymous_3)","decl":{"start":{"line":59,"column":19},"end":{"line":59,"column":20}},"loc":{"start":{"line":59,"column":25},"end":{"line":61,"column":11}},"line":59},"4":{"name":"(anonymous_4)","decl":{"start":{"line":67,"column":19},"end":{"line":67,"column":20}},"loc":{"start":{"line":67,"column":25},"end":{"line":69,"column":11}},"line":67}},"branchMap":{"0":{"loc":{"start":{"line":34,"column":23},"end":{"line":34,"column":53}},"type":"cond-expr","locations":[{"start":{"line":34,"column":30},"end":{"line":34,"column":41}},{"start":{"line":34,"column":44},"end":{"line":34,"column":53}}],"line":34},"1":{"loc":{"start":{"line":35,"column":23},"end":{"line":35,"column":48}},"type":"cond-expr","locations":[{"start":{"line":35,"column":30},"end":{"line":35,"column":36}},{"start":{"line":35,"column":39},"end":{"line":35,"column":48}}],"line":35}},"s":{"0":3,"1":9,"2":9,"3":9,"4":9,"5":3,"6":9,"7":0,"8":9,"9":1,"10":1},"f":{"0":9,"1":3,"2":0,"3":1,"4":1},"b":{"0":[3,6],"1":[3,6]},"_coverageSchema":"1a1c01bbd47fc00a2c39e90264f33305004495a9","hash":"91834ed886a8aa976d23c004ad88c5b4a1ad1659"}
,"C:\\Users\\DenTex0\\Documents\\Projects\\codica\\weather-app\\src\\views\\components\\search-bar\\index.tsx": {"path":"C:\\Users\\DenTex0\\Documents\\Projects\\codica\\weather-app\\src\\views\\components\\search-bar\\index.tsx","statementMap":{"0":{"start":{"line":20,"column":18},"end":{"line":87,"column":1}},"1":{"start":{"line":21,"column":39},"end":{"line":23,"column":3}},"2":{"start":{"line":22,"column":26},"end":{"line":22,"column":38}},"3":{"start":{"line":24,"column":19},"end":{"line":24,"column":35}},"4":{"start":{"line":26,"column":26},"end":{"line":31,"column":11}},"5":{"start":{"line":28,"column":6},"end":{"line":28,"column":35}},"6":{"start":{"line":29,"column":6},"end":{"line":29,"column":34}},"7":{"start":{"line":33,"column":31},"end":{"line":42,"column":3}},"8":{"start":{"line":37,"column":4},"end":{"line":37,"column":70}},"9":{"start":{"line":38,"column":4},"end":{"line":38,"column":33}},"10":{"start":{"line":39,"column":4},"end":{"line":41,"column":5}},"11":{"start":{"line":40,"column":6},"end":{"line":40,"column":71}},"12":{"start":{"line":44,"column":28},"end":{"line":46,"column":3}},"13":{"start":{"line":45,"column":4},"end":{"line":45,"column":35}},"14":{"start":{"line":48,"column":22},"end":{"line":56,"column":3}},"15":{"start":{"line":49,"column":4},"end":{"line":55,"column":6}},"16":{"start":{"line":58,"column":23},"end":{"line":65,"column":3}},"17":{"start":{"line":62,"column":4},"end":{"line":64,"column":9}},"18":{"start":{"line":67,"column":2},"end":{"line":71,"column":24}},"19":{"start":{"line":68,"column":4},"end":{"line":70,"column":6}},"20":{"start":{"line":69,"column":6},"end":{"line":69,"column":31}},"21":{"start":{"line":73,"column":2},"end":{"line":86,"column":4}},"22":{"start":{"line":83,"column":28},"end":{"line":83,"column":29}}},"fnMap":{"0":{"name":"(anonymous_0)","decl":{"start":{"line":20,"column":18},"end":{"line":20,"column":19}},"loc":{"start":{"line":20,"column":24},"end":{"line":87,"column":1}},"line":20},"1":{"name":"(anonymous_1)","decl":{"start":{"line":22,"column":4},"end":{"line":22,"column":5}},"loc":{"start":{"line":22,"column":26},"end":{"line":22,"column":38}},"line":22},"2":{"name":"(anonymous_2)","decl":{"start":{"line":27,"column":13},"end":{"line":27,"column":14}},"loc":{"start":{"line":27,"column":37},"end":{"line":30,"column":5}},"line":27},"3":{"name":"(anonymous_3)","decl":{"start":{"line":33,"column":31},"end":{"line":33,"column":32}},"loc":{"start":{"line":36,"column":7},"end":{"line":42,"column":3}},"line":36},"4":{"name":"(anonymous_4)","decl":{"start":{"line":44,"column":28},"end":{"line":44,"column":29}},"loc":{"start":{"line":44,"column":78},"end":{"line":46,"column":3}},"line":44},"5":{"name":"(anonymous_5)","decl":{"start":{"line":48,"column":22},"end":{"line":48,"column":23}},"loc":{"start":{"line":49,"column":4},"end":{"line":55,"column":6}},"line":49},"6":{"name":"(anonymous_6)","decl":{"start":{"line":58,"column":23},"end":{"line":58,"column":24}},"loc":{"start":{"line":62,"column":4},"end":{"line":64,"column":9}},"line":62},"7":{"name":"(anonymous_7)","decl":{"start":{"line":67,"column":12},"end":{"line":67,"column":13}},"loc":{"start":{"line":67,"column":18},"end":{"line":71,"column":3}},"line":67},"8":{"name":"(anonymous_8)","decl":{"start":{"line":68,"column":11},"end":{"line":68,"column":12}},"loc":{"start":{"line":68,"column":17},"end":{"line":70,"column":5}},"line":68},"9":{"name":"(anonymous_9)","decl":{"start":{"line":83,"column":21},"end":{"line":83,"column":22}},"loc":{"start":{"line":83,"column":28},"end":{"line":83,"column":29}},"line":83}},"branchMap":{"0":{"loc":{"start":{"line":37,"column":24},"end":{"line":37,"column":67}},"type":"cond-expr","locations":[{"start":{"line":37,"column":35},"end":{"line":37,"column":57}},{"start":{"line":37,"column":60},"end":{"line":37,"column":67}}],"line":37},"1":{"loc":{"start":{"line":39,"column":4},"end":{"line":41,"column":5}},"type":"if","locations":[{"start":{"line":39,"column":4},"end":{"line":41,"column":5}},{"start":{},"end":{}}],"line":39}},"s":{"0":1,"1":2,"2":2,"3":2,"4":2,"5":0,"6":0,"7":2,"8":0,"9":0,"10":0,"11":0,"12":2,"13":3,"14":2,"15":9,"16":2,"17":0,"18":2,"19":2,"20":2,"21":2,"22":5},"f":{"0":2,"1":2,"2":0,"3":0,"4":3,"5":9,"6":0,"7":2,"8":2,"9":5},"b":{"0":[0,0],"1":[0,0]},"_coverageSchema":"1a1c01bbd47fc00a2c39e90264f33305004495a9","hash":"83ee3fca3e3952f7e0bc7e70421984a302a7a654"}
,"C:\\Users\\DenTex0\\Documents\\Projects\\codica\\weather-app\\src\\views\\components\\search-bar\\searchOption.tsx": {"path":"C:\\Users\\DenTex0\\Documents\\Projects\\codica\\weather-app\\src\\views\\components\\search-bar\\searchOption.tsx","statementMap":{"0":{"start":{"line":13,"column":21},"end":{"line":31,"column":1}},"1":{"start":{"line":14,"column":31},"end":{"line":14,"column":36}},"2":{"start":{"line":15,"column":18},"end":{"line":15,"column":47}},"3":{"start":{"line":16,"column":16},"end":{"line":16,"column":44}},"4":{"start":{"line":17,"column":2},"end":{"line":30,"column":4}},"5":{"start":{"line":21,"column":10},"end":{"line":23,"column":17}}},"fnMap":{"0":{"name":"(anonymous_0)","decl":{"start":{"line":13,"column":21},"end":{"line":13,"column":22}},"loc":{"start":{"line":13,"column":39},"end":{"line":31,"column":1}},"line":13},"1":{"name":"(anonymous_1)","decl":{"start":{"line":20,"column":19},"end":{"line":20,"column":20}},"loc":{"start":{"line":21,"column":10},"end":{"line":23,"column":17}},"line":21}},"branchMap":{"0":{"loc":{"start":{"line":22,"column":13},"end":{"line":22,"column":70}},"type":"cond-expr","locations":[{"start":{"line":22,"column":30},"end":{"line":22,"column":58}},{"start":{"line":22,"column":61},"end":{"line":22,"column":70}}],"line":22}},"s":{"0":2,"1":1,"2":1,"3":1,"4":1,"5":2},"f":{"0":1,"1":2},"b":{"0":[1,1]},"_coverageSchema":"1a1c01bbd47fc00a2c39e90264f33305004495a9","hash":"1d382ec25f54cf54a079ef42b14fc9be8739ab03"}
,"C:\\Users\\DenTex0\\Documents\\Projects\\codica\\weather-app\\src\\views\\components\\weather-card\\index.tsx": {"path":"C:\\Users\\DenTex0\\Documents\\Projects\\codica\\weather-app\\src\\views\\components\\weather-card\\index.tsx","statementMap":{"0":{"start":{"line":21,"column":20},"end":{"line":77,"column":1}},"1":{"start":{"line":22,"column":18},"end":{"line":22,"column":53}},"2":{"start":{"line":23,"column":2},"end":{"line":76,"column":4}}},"fnMap":{"0":{"name":"(anonymous_0)","decl":{"start":{"line":21,"column":20},"end":{"line":21,"column":21}},"loc":{"start":{"line":21,"column":73},"end":{"line":77,"column":1}},"line":21}},"branchMap":{"0":{"loc":{"start":{"line":27,"column":15},"end":{"line":27,"column":37}},"type":"cond-expr","locations":[{"start":{"line":27,"column":25},"end":{"line":27,"column":31}},{"start":{"line":27,"column":34},"end":{"line":27,"column":37}}],"line":27},"1":{"loc":{"start":{"line":29,"column":20},"end":{"line":29,"column":50}},"type":"cond-expr","locations":[{"start":{"line":29,"column":29},"end":{"line":29,"column":38}},{"start":{"line":29,"column":41},"end":{"line":29,"column":50}}],"line":29}},"s":{"0":2,"1":2,"2":2},"f":{"0":2},"b":{"0":[0,2],"1":[0,2]},"_coverageSchema":"1a1c01bbd47fc00a2c39e90264f33305004495a9","hash":"53c0c8c4da9be3c54e1a77f072c1dfb6c805f960"}
,"C:\\Users\\DenTex0\\Documents\\Projects\\codica\\weather-app\\src\\views\\components\\weather-icon-temp\\index.tsx": {"path":"C:\\Users\\DenTex0\\Documents\\Projects\\codica\\weather-app\\src\\views\\components\\weather-icon-temp\\index.tsx","statementMap":{"0":{"start":{"line":10,"column":24},"end":{"line":29,"column":1}},"1":{"start":{"line":11,"column":18},"end":{"line":11,"column":53}},"2":{"start":{"line":13,"column":2},"end":{"line":28,"column":4}}},"fnMap":{"0":{"name":"(anonymous_0)","decl":{"start":{"line":10,"column":24},"end":{"line":10,"column":25}},"loc":{"start":{"line":10,"column":54},"end":{"line":29,"column":1}},"line":10}},"branchMap":{"0":{"loc":{"start":{"line":19,"column":17},"end":{"line":19,"column":42}},"type":"cond-expr","locations":[{"start":{"line":19,"column":27},"end":{"line":19,"column":33}},{"start":{"line":19,"column":36},"end":{"line":19,"column":42}}],"line":19},"1":{"loc":{"start":{"line":23,"column":30},"end":{"line":23,"column":55}},"type":"cond-expr","locations":[{"start":{"line":23,"column":40},"end":{"line":23,"column":46}},{"start":{"line":23,"column":49},"end":{"line":23,"column":55}}],"line":23}},"s":{"0":2,"1":2,"2":2},"f":{"0":2},"b":{"0":[0,2],"1":[0,2]},"_coverageSchema":"1a1c01bbd47fc00a2c39e90264f33305004495a9","hash":"1c4825a4f4052c928e7b6975039838294c4bfca3"}
,"C:\\Users\\DenTex0\\Documents\\Projects\\codica\\weather-app\\src\\views\\components\\weather-info\\index.tsx": {"path":"C:\\Users\\DenTex0\\Documents\\Projects\\codica\\weather-app\\src\\views\\components\\weather-info\\index.tsx","statementMap":{"0":{"start":{"line":12,"column":20},"end":{"line":47,"column":1}},"1":{"start":{"line":13,"column":18},"end":{"line":13,"column":52}},"2":{"start":{"line":15,"column":24},"end":{"line":15,"column":52}},"3":{"start":{"line":17,"column":2},"end":{"line":46,"column":4}}},"fnMap":{"0":{"name":"(anonymous_0)","decl":{"start":{"line":12,"column":20},"end":{"line":12,"column":21}},"loc":{"start":{"line":12,"column":47},"end":{"line":47,"column":1}},"line":12}},"branchMap":{"0":{"loc":{"start":{"line":19,"column":43},"end":{"line":19,"column":69}},"type":"cond-expr","locations":[{"start":{"line":19,"column":53},"end":{"line":19,"column":58}},{"start":{"line":19,"column":61},"end":{"line":19,"column":69}}],"line":19}},"s":{"0":1,"1":1,"2":1,"3":1},"f":{"0":1},"b":{"0":[0,1]},"_coverageSchema":"1a1c01bbd47fc00a2c39e90264f33305004495a9","hash":"eb7ce6deafc69faadcccbfd985d6b691de994821"}
,"C:\\Users\\DenTex0\\Documents\\Projects\\codica\\weather-app\\src\\views\\pages\\error-page.tsx": {"path":"C:\\Users\\DenTex0\\Documents\\Projects\\codica\\weather-app\\src\\views\\pages\\error-page.tsx","statementMap":{"0":{"start":{"line":5,"column":18},"end":{"line":22,"column":1}},"1":{"start":{"line":6,"column":2},"end":{"line":21,"column":4}}},"fnMap":{"0":{"name":"(anonymous_0)","decl":{"start":{"line":5,"column":18},"end":{"line":5,"column":19}},"loc":{"start":{"line":5,"column":24},"end":{"line":22,"column":1}},"line":5}},"branchMap":{},"s":{"0":1,"1":1},"f":{"0":1},"b":{},"_coverageSchema":"1a1c01bbd47fc00a2c39e90264f33305004495a9","hash":"f4877d23c589ae16e21d5fa605e36eed7acc4fcc"}
,"C:\\Users\\DenTex0\\Documents\\Projects\\codica\\weather-app\\src\\views\\shared\\footer\\index.tsx": {"path":"C:\\Users\\DenTex0\\Documents\\Projects\\codica\\weather-app\\src\\views\\shared\\footer\\index.tsx","statementMap":{"0":{"start":{"line":4,"column":15},"end":{"line":17,"column":1}},"1":{"start":{"line":5,"column":2},"end":{"line":16,"column":4}}},"fnMap":{"0":{"name":"(anonymous_0)","decl":{"start":{"line":4,"column":15},"end":{"line":4,"column":16}},"loc":{"start":{"line":4,"column":21},"end":{"line":17,"column":1}},"line":4}},"branchMap":{},"s":{"0":1,"1":1},"f":{"0":1},"b":{},"_coverageSchema":"1a1c01bbd47fc00a2c39e90264f33305004495a9","hash":"57d442df5851fa7f736912648b4a2403c42b010c"}
,"C:\\Users\\DenTex0\\Documents\\Projects\\codica\\weather-app\\src\\views\\shared\\header\\index.tsx": {"path":"C:\\Users\\DenTex0\\Documents\\Projects\\codica\\weather-app\\src\\views\\shared\\header\\index.tsx","statementMap":{"0":{"start":{"line":4,"column":15},"end":{"line":17,"column":1}},"1":{"start":{"line":5,"column":2},"end":{"line":16,"column":4}}},"fnMap":{"0":{"name":"(anonymous_0)","decl":{"start":{"line":4,"column":15},"end":{"line":4,"column":16}},"loc":{"start":{"line":4,"column":21},"end":{"line":17,"column":1}},"line":4}},"branchMap":{},"s":{"0":1,"1":1},"f":{"0":1},"b":{},"_coverageSchema":"1a1c01bbd47fc00a2c39e90264f33305004495a9","hash":"c4b444f74bd432b3ae0b4b7177884126d1649c71"}
,"C:\\Users\\DenTex0\\Documents\\Projects\\codica\\weather-app\\src\\views\\shared\\side-bar\\index.tsx": {"path":"C:\\Users\\DenTex0\\Documents\\Projects\\codica\\weather-app\\src\\views\\shared\\side-bar\\index.tsx","statementMap":{"0":{"start":{"line":8,"column":16},"end":{"line":65,"column":1}},"1":{"start":{"line":9,"column":23},"end":{"line":9,"column":71}},"2":{"start":{"line":9,"column":60},"end":{"line":9,"column":70}},"3":{"start":{"line":10,"column":19},"end":{"line":10,"column":32}},"4":{"start":{"line":11,"column":18},"end":{"line":11,"column":53}},"5":{"start":{"line":12,"column":2},"end":{"line":64,"column":4}},"6":{"start":{"line":44,"column":14},"end":{"line":45,"column":70}},"7":{"start":{"line":46,"column":12},"end":{"line":55,"column":14}}},"fnMap":{"0":{"name":"(anonymous_0)","decl":{"start":{"line":8,"column":16},"end":{"line":8,"column":17}},"loc":{"start":{"line":8,"column":22},"end":{"line":65,"column":1}},"line":8},"1":{"name":"(anonymous_1)","decl":{"start":{"line":9,"column":38},"end":{"line":9,"column":39}},"loc":{"start":{"line":9,"column":60},"end":{"line":9,"column":70}},"line":9},"2":{"name":"(anonymous_2)","decl":{"start":{"line":42,"column":23},"end":{"line":42,"column":24}},"loc":{"start":{"line":42,"column":61},"end":{"line":56,"column":11}},"line":42}},"branchMap":{"0":{"loc":{"start":{"line":14,"column":15},"end":{"line":14,"column":44}},"type":"cond-expr","locations":[{"start":{"line":14,"column":26},"end":{"line":14,"column":32}},{"start":{"line":14,"column":35},"end":{"line":14,"column":44}}],"line":14},"1":{"loc":{"start":{"line":15,"column":16},"end":{"line":15,"column":45}},"type":"cond-expr","locations":[{"start":{"line":15,"column":26},"end":{"line":15,"column":33}},{"start":{"line":15,"column":36},"end":{"line":15,"column":45}}],"line":15},"2":{"loc":{"start":{"line":18,"column":17},"end":{"line":18,"column":46}},"type":"cond-expr","locations":[{"start":{"line":18,"column":27},"end":{"line":18,"column":36}},{"start":{"line":18,"column":39},"end":{"line":18,"column":46}}],"line":18},"3":{"loc":{"start":{"line":19,"column":17},"end":{"line":19,"column":46}},"type":"cond-expr","locations":[{"start":{"line":19,"column":27},"end":{"line":19,"column":36}},{"start":{"line":19,"column":39},"end":{"line":19,"column":46}}],"line":19},"4":{"loc":{"start":{"line":20,"column":21},"end":{"line":20,"column":47}},"type":"cond-expr","locations":[{"start":{"line":20,"column":31},"end":{"line":20,"column":39}},{"start":{"line":20,"column":42},"end":{"line":20,"column":47}}],"line":20},"5":{"loc":{"start":{"line":21,"column":20},"end":{"line":21,"column":56}},"type":"cond-expr","locations":[{"start":{"line":21,"column":30},"end":{"line":21,"column":36}},{"start":{"line":21,"column":39},"end":{"line":21,"column":56}}],"line":21},"6":{"loc":{"start":{"line":28,"column":24},"end":{"line":28,"column":60}},"type":"cond-expr","locations":[{"start":{"line":28,"column":34},"end":{"line":28,"column":51}},{"start":{"line":28,"column":54},"end":{"line":28,"column":60}}],"line":28},"7":{"loc":{"start":{"line":37,"column":23},"end":{"line":37,"column":49}},"type":"cond-expr","locations":[{"start":{"line":37,"column":33},"end":{"line":37,"column":41}},{"start":{"line":37,"column":44},"end":{"line":37,"column":49}}],"line":37},"8":{"loc":{"start":{"line":41,"column":9},"end":{"line":61,"column":9}},"type":"cond-expr","locations":[{"start":{"line":42,"column":10},"end":{"line":56,"column":12}},{"start":{"line":58,"column":10},"end":{"line":60,"column":16}}],"line":41}},"s":{"0":1,"1":2,"2":4,"3":2,"4":2,"5":2,"6":1,"7":1},"f":{"0":2,"1":4,"2":1},"b":{"0":[2,0],"1":[0,2],"2":[0,2],"3":[0,2],"4":[0,2],"5":[0,2],"6":[0,2],"7":[0,2],"8":[1,1]},"_coverageSchema":"1a1c01bbd47fc00a2c39e90264f33305004495a9","hash":"ddcc2dcebcc27ead7b77012aa208f3cbb8e9fee0"}
}
