TN:
SF:src\application\hooks\useSortWeatherByDate.ts
FN:6,(anonymous_0)
FN:9,(anonymous_1)
FN:11,(anonymous_2)
FN:12,(anonymous_3)
FN:17,(anonymous_4)
FN:20,(anonymous_5)
FN:29,(anonymous_6)
FN:33,(anonymous_7)
FN:54,(anonymous_8)
FNF:9
FNH:9
FNDA:10,(anonymous_0)
FNDA:11,(anonymous_1)
FNDA:24,(anonymous_2)
FNDA:960,(anonymous_3)
FNDA:10,(anonymous_4)
FNDA:160,(anonymous_5)
FNDA:24,(anonymous_6)
FNDA:3,(anonymous_7)
FNDA:5,(anonymous_8)
DA:6,3
DA:7,10
DA:9,11
DA:11,10
DA:12,24
DA:13,960
DA:17,10
DA:18,10
DA:21,160
DA:27,10
DA:29,10
DA:30,24
DA:33,10
DA:38,3
DA:39,2
DA:41,1
DA:44,3
DA:54,10
DA:55,5
DA:58,10
LF:20
LH:20
BRDA:38,0,0,2
BRDA:38,0,1,1
BRDA:46,1,0,3
BRDA:46,1,1,0
BRDA:48,2,0,3
BRDA:48,2,1,0
BRF:6
BRH:4
end_of_record
TN:
SF:src\application\utils\useFormatDate.ts
FN:1,(anonymous_0)
FNF:1
FNH:1
FNDA:16,(anonymous_0)
DA:1,7
DA:2,16
LF:2
LH:2
BRF:0
BRH:0
end_of_record
TN:
SF:src\redux\hooks.ts
FN:4,(anonymous_0)
FNF:1
FNH:1
FNDA:25,(anonymous_0)
DA:4,25
DA:5,8
LF:2
LH:2
BRF:0
BRH:0
end_of_record
TN:
SF:src\redux\store.ts
FN:12,(anonymous_0)
FNF:1
FNH:1
FNDA:11,(anonymous_0)
DA:6,11
DA:13,11
LF:2
LH:2
BRF:0
BRH:0
end_of_record
TN:
SF:src\redux\slices\citySlice.ts
FN:19,(anonymous_0)
FN:36,(anonymous_1)
FN:39,(anonymous_2)
FN:42,(anonymous_3)
FN:46,(anonymous_4)
FN:48,(anonymous_5)
FN:51,(anonymous_6)
FN:56,(anonymous_7)
FNF:8
FNH:7
FNDA:3,(anonymous_0)
FNDA:1,(anonymous_1)
FNDA:1,(anonymous_2)
FNDA:2,(anonymous_3)
FNDA:12,(anonymous_4)
FNDA:3,(anonymous_5)
FNDA:2,(anonymous_6)
FNDA:0,(anonymous_7)
DA:6,12
DA:7,12
DA:9,12
DA:17,12
DA:20,3
DA:21,3
DA:25,1
DA:27,1
DA:32,12
DA:37,1
DA:40,1
DA:43,2
DA:47,12
DA:49,3
DA:52,2
DA:53,2
DA:54,2
DA:57,0
DA:62,12
LF:19
LH:18
BRF:0
BRH:0
end_of_record
TN:
SF:src\redux\slices\searchSlice.ts
FN:18,(anonymous_0)
FN:24,(anonymous_1)
FN:41,(anonymous_2)
FN:44,(anonymous_3)
FN:47,(anonymous_4)
FN:51,(anonymous_5)
FN:53,(anonymous_6)
FN:56,(anonymous_7)
FNF:8
FNH:8
FNDA:3,(anonymous_0)
FNDA:3,(anonymous_1)
FNDA:3,(anonymous_2)
FNDA:2,(anonymous_3)
FNDA:2,(anonymous_4)
FNDA:11,(anonymous_5)
FNDA:3,(anonymous_6)
FNDA:3,(anonymous_7)
DA:6,11
DA:7,11
DA:9,11
DA:16,11
DA:19,3
DA:20,3
DA:24,3
DA:25,3
DA:30,3
DA:32,0
DA:37,11
DA:42,3
DA:45,2
DA:48,2
DA:52,11
DA:54,3
DA:57,3
DA:58,3
DA:63,11
LF:19
LH:18
BRDA:26,0,0,3
BRDA:26,0,1,0
BRF:2
BRH:1
end_of_record
TN:
SF:src\redux\slices\userSlice.ts
FN:13,(anonymous_0)
FN:16,(anonymous_1)
FN:18,(anonymous_2)
FN:24,(anonymous_3)
FN:44,(anonymous_4)
FN:46,(anonymous_5)
FN:50,(anonymous_6)
FN:53,(anonymous_7)
FN:57,(anonymous_8)
FN:59,(anonymous_9)
FN:62,(anonymous_10)
FNF:11
FNH:11
FNDA:9,(anonymous_0)
FNDA:3,(anonymous_1)
FNDA:9,(anonymous_2)
FNDA:3,(anonymous_3)
FNDA:3,(anonymous_4)
FNDA:3,(anonymous_5)
FNDA:7,(anonymous_6)
FNDA:1,(anonymous_7)
FNDA:11,(anonymous_8)
FNDA:3,(anonymous_9)
FNDA:2,(anonymous_10)
DA:6,11
DA:8,11
DA:13,11
DA:16,9
DA:18,11
DA:22,9
DA:23,3
DA:24,3
DA:26,3
DA:31,6
DA:37,9
DA:40,11
DA:45,3
DA:46,3
DA:48,3
DA:51,7
DA:54,1
DA:58,11
DA:60,3
DA:63,2
DA:68,11
LF:21
LH:21
BRDA:6,0,0,11
BRDA:6,0,1,11
BRDA:22,1,0,3
BRDA:22,1,1,6
BRF:4
BRH:4
end_of_record
TN:
SF:src\views\components\day-selector\index.tsx
FN:12,(anonymous_0)
FN:28,(anonymous_1)
FNF:2
FNH:2
FNDA:2,(anonymous_0)
FNDA:11,(anonymous_1)
DA:12,3
DA:17,2
DA:18,2
DA:29,11
DA:30,11
DA:31,11
DA:32,11
LF:7
LH:7
BRDA:21,0,0,0
BRDA:21,0,1,2
BRF:2
BRH:1
end_of_record
TN:
SF:src\views\components\day-selector-item\index.tsx
FN:33,(anonymous_0)
FN:57,(anonymous_1)
FNF:2
FNH:2
FNDA:13,(anonymous_0)
FNDA:1,(anonymous_1)
DA:8,4
DA:33,4
DA:41,13
DA:43,13
DA:44,13
DA:57,1
LF:6
LH:6
BRDA:49,0,0,0
BRDA:49,0,1,13
BRDA:50,1,0,0
BRDA:50,1,1,13
BRDA:54,2,0,13
BRDA:54,2,1,3
BRDA:60,3,0,3
BRDA:60,3,1,10
BRDA:70,4,0,0
BRDA:70,4,1,13
BRF:10
BRH:7
end_of_record
TN:
SF:src\views\components\hour-chart\index.tsx
FN:20,(anonymous_0)
FN:42,(anonymous_1)
FNF:2
FNH:2
FNDA:2,(anonymous_0)
FNDA:3,(anonymous_1)
DA:20,3
DA:21,2
DA:43,3
LF:3
LH:3
BRF:0
BRH:0
end_of_record
TN:
SF:src\views\components\loader\index.tsx
FN:4,(anonymous_0)
FNF:1
FNH:1
FNDA:1,(anonymous_0)
DA:4,3
DA:5,1
LF:2
LH:2
BRF:0
BRH:0
end_of_record
TN:
SF:src\views\components\menu-button\index.tsx
FN:15,(anonymous_0)
FN:21,(anonymous_1)
FN:24,(anonymous_2)
FN:59,(anonymous_3)
FN:67,(anonymous_4)
FNF:5
FNH:4
FNDA:9,(anonymous_0)
FNDA:3,(anonymous_1)
FNDA:0,(anonymous_2)
FNDA:1,(anonymous_3)
FNDA:1,(anonymous_4)
DA:15,4
DA:16,9
DA:17,9
DA:19,9
DA:21,9
DA:22,3
DA:24,9
DA:25,0
DA:28,9
DA:60,1
DA:68,1
LF:11
LH:10
BRDA:34,0,0,3
BRDA:34,0,1,6
BRDA:35,1,0,3
BRDA:35,1,1,6
BRF:4
BRH:4
end_of_record
TN:
SF:src\views\components\search-bar\index.tsx
FN:20,(anonymous_0)
FN:22,(anonymous_1)
FN:27,(anonymous_2)
FN:33,(anonymous_3)
FN:44,(anonymous_4)
FN:48,(anonymous_5)
FN:58,(anonymous_6)
FN:67,(anonymous_7)
FN:68,(anonymous_8)
FN:84,(anonymous_9)
FNF:10
FNH:10
FNDA:10,(anonymous_0)
FNDA:19,(anonymous_1)
FNDA:1,(anonymous_2)
FNDA:1,(anonymous_3)
FNDA:7,(anonymous_4)
FNDA:27,(anonymous_5)
FNDA:3,(anonymous_6)
FNDA:5,(anonymous_7)
FNDA:5,(anonymous_8)
FNDA:16,(anonymous_9)
DA:20,3
DA:21,10
DA:22,19
DA:24,10
DA:26,10
DA:28,1
DA:29,1
DA:33,10
DA:37,1
DA:38,1
DA:39,1
DA:40,1
DA:44,10
DA:45,7
DA:48,10
DA:49,27
DA:58,10
DA:62,3
DA:67,10
DA:68,5
DA:69,5
DA:73,10
DA:84,16
LF:23
LH:23
BRDA:37,0,0,1
BRDA:37,0,1,0
BRDA:39,1,0,1
BRDA:39,1,1,0
BRDA:78,2,0,10
BRDA:78,2,1,0
BRF:6
BRH:3
end_of_record
TN:
SF:src\views\components\search-bar\searchOption.tsx
FN:13,(anonymous_0)
FN:20,(anonymous_1)
FNF:2
FNH:2
FNDA:4,(anonymous_0)
FNDA:7,(anonymous_1)
DA:13,4
DA:14,4
DA:15,4
DA:16,4
DA:17,4
DA:21,7
LF:6
LH:6
BRDA:22,0,0,3
BRDA:22,0,1,4
BRF:2
BRH:2
end_of_record
TN:
SF:src\views\components\weather-card\index.tsx
FN:21,(anonymous_0)
FNF:1
FNH:1
FNDA:2,(anonymous_0)
DA:21,3
DA:22,2
DA:23,2
LF:3
LH:3
BRDA:27,0,0,0
BRDA:27,0,1,2
BRDA:29,1,0,0
BRDA:29,1,1,2
BRF:4
BRH:2
end_of_record
TN:
SF:src\views\components\weather-icon-temp\index.tsx
FN:10,(anonymous_0)
FNF:1
FNH:1
FNDA:3,(anonymous_0)
DA:10,4
DA:11,3
DA:13,3
LF:3
LH:3
BRDA:19,0,0,0
BRDA:19,0,1,3
BRDA:23,1,0,0
BRDA:23,1,1,3
BRF:4
BRH:2
end_of_record
TN:
SF:src\views\components\weather-info\index.tsx
FN:12,(anonymous_0)
FNF:1
FNH:1
FNDA:2,(anonymous_0)
DA:12,3
DA:13,2
DA:15,2
DA:17,2
LF:4
LH:4
BRDA:23,0,0,0
BRDA:23,0,1,2
BRF:2
BRH:1
end_of_record
TN:
SF:src\views\pages\error-page.tsx
FN:5,(anonymous_0)
FNF:1
FNH:1
FNDA:6,(anonymous_0)
DA:5,3
DA:6,6
LF:2
LH:2
BRF:0
BRH:0
end_of_record
TN:
SF:src\views\pages\city-page\index.tsx
FN:15,useQuery
FN:18,(anonymous_1)
FN:21,(anonymous_2)
FN:22,(anonymous_3)
FN:31,(anonymous_4)
FN:56,(anonymous_5)
FN:63,(anonymous_6)
FNF:7
FNH:5
FNDA:6,useQuery
FNDA:3,(anonymous_1)
FNDA:6,(anonymous_2)
FNDA:6,(anonymous_3)
FNDA:3,(anonymous_4)
FNDA:0,(anonymous_5)
FNDA:0,(anonymous_6)
DA:16,6
DA:18,6
DA:21,2
DA:22,6
DA:23,6
DA:25,6
DA:26,6
DA:28,6
DA:29,6
DA:31,6
DA:32,3
DA:33,0
DA:34,0
DA:38,6
DA:57,0
DA:63,0
LF:16
LH:12
BRDA:32,0,0,0
BRDA:32,0,1,3
BRDA:32,1,0,3
BRDA:32,1,1,0
BRDA:34,2,0,0
BRDA:34,2,1,0
BRDA:34,3,0,0
BRDA:34,3,1,0
BRDA:38,4,0,1
BRDA:38,4,1,5
BRDA:38,5,0,6
BRDA:38,5,1,2
BRDA:57,6,0,0
BRDA:57,6,1,0
BRDA:66,7,0,0
BRDA:66,7,1,5
BRF:16
BRH:7
end_of_record
TN:
SF:src\views\pages\dashboard\index.tsx
FN:5,(anonymous_0)
FNF:1
FNH:1
FNDA:2,(anonymous_0)
DA:5,2
DA:6,2
LF:2
LH:2
BRF:0
BRH:0
end_of_record
TN:
SF:src\views\shared\footer\index.tsx
FN:4,(anonymous_0)
FNF:1
FNH:1
FNDA:5,(anonymous_0)
DA:4,2
DA:5,5
LF:2
LH:2
BRF:0
BRH:0
end_of_record
TN:
SF:src\views\shared\header\index.tsx
FN:4,(anonymous_0)
FNF:1
FNH:1
FNDA:5,(anonymous_0)
DA:4,2
DA:5,5
LF:2
LH:2
BRF:0
BRH:0
end_of_record
TN:
SF:src\views\shared\layout\index.tsx
FN:8,(anonymous_0)
FNF:1
FNH:1
FNDA:4,(anonymous_0)
DA:8,1
DA:9,4
DA:10,4
DA:11,4
LF:4
LH:4
BRDA:16,0,0,0
BRDA:16,0,1,4
BRDA:18,1,0,0
BRDA:18,1,1,4
BRDA:21,2,0,0
BRDA:21,2,1,4
BRF:6
BRH:3
end_of_record
TN:
SF:src\views\shared\side-bar\index.tsx
FN:8,(anonymous_0)
FN:9,(anonymous_1)
FN:43,(anonymous_2)
FNF:3
FNH:3
FNDA:6,(anonymous_0)
FNDA:8,(anonymous_1)
FNDA:1,(anonymous_2)
DA:8,2
DA:9,8
DA:10,6
DA:11,6
DA:12,6
DA:45,1
DA:47,1
LF:7
LH:7
BRDA:14,0,0,6
BRDA:14,0,1,0
BRDA:16,1,0,0
BRDA:16,1,1,6
BRDA:19,2,0,0
BRDA:19,2,1,6
BRDA:20,3,0,0
BRDA:20,3,1,6
BRDA:21,4,0,0
BRDA:21,4,1,6
BRDA:22,5,0,0
BRDA:22,5,1,6
BRDA:29,6,0,0
BRDA:29,6,1,6
BRDA:38,7,0,0
BRDA:38,7,1,6
BRDA:42,8,0,1
BRDA:42,8,1,5
BRF:18
BRH:10
end_of_record
TN:
SF:test\utils\mockedData.ts
FN:1,(anonymous_0)
FN:5,(anonymous_1)
FN:9,(anonymous_2)
FNF:3
FNH:3
FNDA:5,(anonymous_0)
FNDA:2,(anonymous_1)
FNDA:5,(anonymous_2)
DA:1,5
DA:2,5
DA:4,5
DA:6,2
DA:10,5
DA:15,5
DA:1500,5
DA:1557,5
LF:8
LH:8
BRF:0
BRH:0
end_of_record
