TN:
SF:src\application\utils\useFormatDate.ts
FN:1,(anonymous_0)
FNF:1
FNH:1
FNDA:5,(anonymous_0)
DA:1,3
DA:2,5
LF:2
LH:2
BRF:0
BRH:0
end_of_record
TN:
SF:src\redux\hooks.ts
FN:4,(anonymous_0)
FNF:1
FNH:1
FNDA:11,(anonymous_0)
DA:4,11
DA:5,4
LF:2
LH:2
BRF:0
BRH:0
end_of_record
TN:
SF:src\redux\store.ts
FN:12,(anonymous_0)
FNF:1
FNH:1
FNDA:7,(anonymous_0)
DA:6,7
DA:13,7
LF:2
LH:2
BRF:0
BRH:0
end_of_record
TN:
SF:src\redux\slices\citySlice.ts
FN:19,(anonymous_0)
FN:36,(anonymous_1)
FN:40,(anonymous_2)
FN:42,(anonymous_3)
FN:45,(anonymous_4)
FN:50,(anonymous_5)
FNF:6
FNH:5
FNDA:2,(anonymous_0)
FNDA:1,(anonymous_1)
FNDA:7,(anonymous_2)
FNDA:2,(anonymous_3)
FNDA:1,(anonymous_4)
FNDA:0,(anonymous_5)
DA:6,7
DA:7,7
DA:9,7
DA:17,7
DA:20,2
DA:21,2
DA:25,0
DA:27,1
DA:32,7
DA:37,1
DA:41,7
DA:43,2
DA:46,1
DA:47,1
DA:48,1
DA:51,0
DA:56,7
LF:17
LH:15
BRF:0
BRH:0
end_of_record
TN:
SF:src\redux\slices\searchSlice.ts
FN:18,(anonymous_0)
FN:24,(anonymous_1)
FN:41,(anonymous_2)
FN:44,(anonymous_3)
FN:47,(anonymous_4)
FN:51,(anonymous_5)
FN:53,(anonymous_6)
FN:56,(anonymous_7)
FNF:8
FNH:7
FNDA:1,(anonymous_0)
FNDA:0,(anonymous_1)
FNDA:2,(anonymous_2)
FNDA:1,(anonymous_3)
FNDA:1,(anonymous_4)
FNDA:7,(anonymous_5)
FNDA:1,(anonymous_6)
FNDA:1,(anonymous_7)
DA:6,7
DA:7,7
DA:9,7
DA:16,7
DA:19,1
DA:20,1
DA:24,0
DA:25,0
DA:30,0
DA:32,1
DA:37,7
DA:42,2
DA:45,1
DA:48,1
DA:52,7
DA:54,1
DA:57,1
DA:58,1
DA:63,7
LF:19
LH:16
BRDA:26,0,0,0
BRDA:26,0,1,0
BRF:2
BRH:0
end_of_record
TN:
SF:src\redux\slices\userSlice.ts
FN:13,(anonymous_0)
FN:16,(anonymous_1)
FN:18,(anonymous_2)
FN:24,(anonymous_3)
FN:44,(anonymous_4)
FN:46,(anonymous_5)
FN:50,(anonymous_6)
FN:54,(anonymous_7)
FN:56,(anonymous_8)
FN:59,(anonymous_9)
FNF:10
FNH:10
FNDA:6,(anonymous_0)
FNDA:2,(anonymous_1)
FNDA:6,(anonymous_2)
FNDA:2,(anonymous_3)
FNDA:1,(anonymous_4)
FNDA:1,(anonymous_5)
FNDA:5,(anonymous_6)
FNDA:7,(anonymous_7)
FNDA:2,(anonymous_8)
FNDA:1,(anonymous_9)
DA:6,7
DA:8,7
DA:13,7
DA:16,6
DA:18,7
DA:22,6
DA:23,2
DA:24,2
DA:26,2
DA:31,4
DA:37,6
DA:40,7
DA:45,1
DA:46,1
DA:48,1
DA:51,5
DA:55,7
DA:57,2
DA:60,1
DA:65,7
LF:20
LH:20
BRDA:6,0,0,7
BRDA:6,0,1,7
BRDA:22,1,0,2
BRDA:22,1,1,4
BRF:4
BRH:4
end_of_record
TN:
SF:src\views\components\hour-chart\index.tsx
FN:20,(anonymous_0)
FN:42,(anonymous_1)
FNF:2
FNH:2
FNDA:1,(anonymous_0)
FNDA:3,(anonymous_1)
DA:20,1
DA:21,1
DA:43,3
LF:3
LH:3
BRF:0
BRH:0
end_of_record
TN:
SF:src\views\components\loader\index.tsx
FN:4,(anonymous_0)
FNF:1
FNH:1
FNDA:1,(anonymous_0)
DA:4,1
DA:5,1
LF:2
LH:2
BRF:0
BRH:0
end_of_record
TN:
SF:src\views\components\menu-button\index.tsx
FN:15,(anonymous_0)
FN:21,(anonymous_1)
FN:24,(anonymous_2)
FN:59,(anonymous_3)
FN:67,(anonymous_4)
FNF:5
FNH:4
FNDA:9,(anonymous_0)
FNDA:3,(anonymous_1)
FNDA:0,(anonymous_2)
FNDA:1,(anonymous_3)
FNDA:1,(anonymous_4)
DA:15,3
DA:16,9
DA:17,9
DA:19,9
DA:21,9
DA:22,3
DA:24,9
DA:25,0
DA:28,9
DA:60,1
DA:68,1
LF:11
LH:10
BRDA:34,0,0,3
BRDA:34,0,1,6
BRDA:35,1,0,3
BRDA:35,1,1,6
BRF:4
BRH:4
end_of_record
TN:
SF:src\views\components\search-bar\index.tsx
FN:20,(anonymous_0)
FN:22,(anonymous_1)
FN:27,(anonymous_2)
FN:33,(anonymous_3)
FN:44,(anonymous_4)
FN:48,(anonymous_5)
FN:58,(anonymous_6)
FN:67,(anonymous_7)
FN:68,(anonymous_8)
FN:83,(anonymous_9)
FNF:10
FNH:7
FNDA:2,(anonymous_0)
FNDA:2,(anonymous_1)
FNDA:0,(anonymous_2)
FNDA:0,(anonymous_3)
FNDA:3,(anonymous_4)
FNDA:9,(anonymous_5)
FNDA:0,(anonymous_6)
FNDA:2,(anonymous_7)
FNDA:2,(anonymous_8)
FNDA:5,(anonymous_9)
DA:20,1
DA:21,2
DA:22,2
DA:24,2
DA:26,2
DA:28,0
DA:29,0
DA:33,2
DA:37,0
DA:38,0
DA:39,0
DA:40,0
DA:44,2
DA:45,3
DA:48,2
DA:49,9
DA:58,2
DA:62,0
DA:67,2
DA:68,2
DA:69,2
DA:73,2
DA:83,5
LF:23
LH:16
BRDA:37,0,0,0
BRDA:37,0,1,0
BRDA:39,1,0,0
BRDA:39,1,1,0
BRF:4
BRH:0
end_of_record
TN:
SF:src\views\components\search-bar\searchOption.tsx
FN:13,(anonymous_0)
FN:20,(anonymous_1)
FNF:2
FNH:2
FNDA:1,(anonymous_0)
FNDA:2,(anonymous_1)
DA:13,2
DA:14,1
DA:15,1
DA:16,1
DA:17,1
DA:21,2
LF:6
LH:6
BRDA:22,0,0,1
BRDA:22,0,1,1
BRF:2
BRH:2
end_of_record
TN:
SF:src\views\components\weather-card\index.tsx
FN:21,(anonymous_0)
FNF:1
FNH:1
FNDA:2,(anonymous_0)
DA:21,2
DA:22,2
DA:23,2
LF:3
LH:3
BRDA:27,0,0,0
BRDA:27,0,1,2
BRDA:29,1,0,0
BRDA:29,1,1,2
BRF:4
BRH:2
end_of_record
TN:
SF:src\views\components\weather-icon-temp\index.tsx
FN:10,(anonymous_0)
FNF:1
FNH:1
FNDA:2,(anonymous_0)
DA:10,2
DA:11,2
DA:13,2
LF:3
LH:3
BRDA:19,0,0,0
BRDA:19,0,1,2
BRDA:23,1,0,0
BRDA:23,1,1,2
BRF:4
BRH:2
end_of_record
TN:
SF:src\views\components\weather-info\index.tsx
FN:12,(anonymous_0)
FNF:1
FNH:1
FNDA:1,(anonymous_0)
DA:12,1
DA:13,1
DA:15,1
DA:17,1
LF:4
LH:4
BRDA:19,0,0,0
BRDA:19,0,1,1
BRF:2
BRH:1
end_of_record
TN:
SF:src\views\pages\error-page.tsx
FN:5,(anonymous_0)
FNF:1
FNH:1
FNDA:1,(anonymous_0)
DA:5,1
DA:6,1
LF:2
LH:2
BRF:0
BRH:0
end_of_record
TN:
SF:src\views\shared\footer\index.tsx
FN:4,(anonymous_0)
FNF:1
FNH:1
FNDA:1,(anonymous_0)
DA:4,1
DA:5,1
LF:2
LH:2
BRF:0
BRH:0
end_of_record
TN:
SF:src\views\shared\header\index.tsx
FN:4,(anonymous_0)
FNF:1
FNH:1
FNDA:1,(anonymous_0)
DA:4,1
DA:5,1
LF:2
LH:2
BRF:0
BRH:0
end_of_record
TN:
SF:src\views\shared\side-bar\index.tsx
FN:8,(anonymous_0)
FN:9,(anonymous_1)
FN:42,(anonymous_2)
FNF:3
FNH:3
FNDA:2,(anonymous_0)
FNDA:4,(anonymous_1)
FNDA:1,(anonymous_2)
DA:8,1
DA:9,4
DA:10,2
DA:11,2
DA:12,2
DA:44,1
DA:46,1
LF:7
LH:7
BRDA:14,0,0,2
BRDA:14,0,1,0
BRDA:15,1,0,0
BRDA:15,1,1,2
BRDA:18,2,0,0
BRDA:18,2,1,2
BRDA:19,3,0,0
BRDA:19,3,1,2
BRDA:20,4,0,0
BRDA:20,4,1,2
BRDA:21,5,0,0
BRDA:21,5,1,2
BRDA:28,6,0,0
BRDA:28,6,1,2
BRDA:37,7,0,0
BRDA:37,7,1,2
BRDA:41,8,0,1
BRDA:41,8,1,1
BRF:18
BRH:10
end_of_record
